https://scholia.toolforge.org/topic/Q668	.*/topic/Q[0-9]*$	iframe #1	Co-author graph
https://scholia.toolforge.org/country/Q668/topic/Q10737	.*/topic/Q[0-9]*$	iframe #0	Co-author graph
https://tools.wmflabs.org/scholia/topic/Q41112	.*/topic/Q[0-9]*$	iframe #3	Co-occurring topics map
https://tools.wmflabs.org/scholia/topic/Q41112	.*/topic/Q[0-9]*$	iframe #5	Map of organizations associated with works about the topic
https://tools.wmflabs.org/scholia/organizations/Q1269766,Q193196	_unknown	iframe #0	Works per year
https://scholia.toolforge.org/topic/Q41112	.*/topic/Q[0-9]*$	iframe #2	Co-occurring topics graph
https://scholia.toolforge.org/country/Q668	.*/country/Q[0-9]*$	iframe #2	Co-organizations
https://scholia.toolforge.org/chemical/Q2270	.*/chemical/Q[0-9]*$	iframe #0	Publications per year
https://tools.wmflabs.org/scholia/topic/Q1492760	.*/topic/Q[0-9]*$	iframe #2	Co-occurring topics graph
https://tools.wmflabs.org/scholia/topic/Q180556	.*/topic/Q[0-9]*$	iframe #0	Publications per year
https://tools.wmflabs.org/scholia/topic/Q180556	.*/topic/Q[0-9]*$	iframe #1	Co-author graph
https://tools.wmflabs.org/scholia/topic/Q668	.*/topic/Q[0-9]*$	iframe #3	Co-occurring topics map
https://tools.wmflabs.org/scholia/topic/Q111140	.*/topic/Q[0-9]*$	iframe #1	Co-author graph
https://tools.wmflabs.org/scholia/topic/Q111140	.*/topic/Q[0-9]*$	iframe #4	Author score
https://tools.wmflabs.org/scholia/author/Q46826387	.*/author/Q[0-9]*$	iframe #1	Number of pages per year
https://tools.wmflabs.org/scholia/topic/Q15	.*/topic/Q[0-9]*$	iframe #5	Map of organizations associated with works about the topic
https://scholia.toolforge.org/topic/Q29496	.*/topic/Q[0-9]*$	iframe #3	Co-occurring topics map
https://tools.wmflabs.org/scholia/topic/Q12174	.*/topic/Q[0-9]*$	iframe #1	Co-author graph
https://tools.wmflabs.org/scholia/topic/Q12174	.*/topic/Q[0-9]*$	iframe #2	Co-occurring topics graph
https://tools.wmflabs.org/scholia/topic/Q12174	.*/topic/Q[0-9]*$	iframe #4	Author score
https://scholia.toolforge.org/topic/Q111140	.*/topic/Q[0-9]*$	iframe #0	Publications per year
https://scholia.toolforge.org/topic/Q111140	.*/topic/Q[0-9]*$	iframe #3	Co-occurring topics map
https://scholia.toolforge.org/award/Q35637	.*/award/Q[0-9]*$	iframe #2	Locations of recipients
https://scholia.toolforge.org/author/Q46826387	.*/author/Q[0-9]*$	iframe #2	Venue statistics
https://scholia.toolforge.org/author/Q46826387	.*/author/Q[0-9]*$	iframe #3	Co-author graph
https://scholia.toolforge.org/author/Q46826387	.*/author/Q[0-9]*$	iframe #5	Associated images
https://tools.wmflabs.org/scholia/topic/Q29496	.*/topic/Q[0-9]*$	iframe #0	Publications per year
https://tools.wmflabs.org/scholia/topic/Q29496	.*/topic/Q[0-9]*$	iframe #5	Map of organizations associated with works about the topic
https://scholia.toolforge.org/topic/Q1492760	.*/topic/Q[0-9]*$	iframe #5	Map of organizations associated with works about the topic
https://tools.wmflabs.org/scholia/topic/Q12156	.*/topic/Q[0-9]*$	iframe #5	Map of organizations associated with works about the topic
https://tools.wmflabs.org/scholia/topic/Q181600	.*/topic/Q[0-9]*$	iframe #3	Co-occurring topics map
https://tools.wmflabs.org/scholia/topic/Q181600	.*/topic/Q[0-9]*$	iframe #5	Map of organizations associated with works about the topic
https://tools.wmflabs.org/scholia/organization/Q131626	.*/organization/Q[0-9]*$	iframe #3	Most cited papers with affiliated first author
https://scholia.toolforge.org/topic/Q180556	.*/topic/Q[0-9]*$	iframe #1	Co-author graph
