https://tools.wmflabs.org/scholia/catalogue/Q42661788	.*/catalogue/Q[0-9]*$	iframe #0
https://tools.wmflabs.org/scholia/author/Q583725	.*/author/Q[0-9]*$	iframe #3
https://tools.wmflabs.org/scholia/author/Q583725	.*/author/Q[0-9]*$	iframe #5
https://tools.wmflabs.org/scholia/author/Q583725	.*/author/Q[0-9]*$	iframe #6
https://tools.wmflabs.org/scholia/author/Q583725	.*/author/Q[0-9]*$	iframe #7
https://tools.wmflabs.org/scholia/author/Q46826387	.*/author/Q[0-9]*$	iframe #0
https://tools.wmflabs.org/scholia/author/Q46826387	.*/author/Q[0-9]*$	iframe #3
https://tools.wmflabs.org/scholia/author/Q46826387	.*/author/Q[0-9]*$	iframe #5
https://tools.wmflabs.org/scholia/author/Q46826387	.*/author/Q[0-9]*$	iframe #6
https://tools.wmflabs.org/scholia/author/Q46826387	.*/author/Q[0-9]*$	iframe #7
https://tools.wmflabs.org/scholia/taxon/Q15978631	.*/taxon/Q[0-9]*$	iframe #0
https://tools.wmflabs.org/scholia/topic/Q532	.*/topic/Q[0-9]*$	iframe #0
https://tools.wmflabs.org/scholia/topic/Q532	.*/topic/Q[0-9]*$	iframe #1
https://tools.wmflabs.org/scholia/topic/Q532	.*/topic/Q[0-9]*$	iframe #2
https://tools.wmflabs.org/scholia/topic/Q532	.*/topic/Q[0-9]*$	iframe #3
https://tools.wmflabs.org/scholia/topic/Q532	.*/topic/Q[0-9]*$	iframe #5
https://tools.wmflabs.org/scholia/topic/Q84263196	.*/topic/Q[0-9]*$	iframe #1
https://tools.wmflabs.org/scholia/topic/Q84263196	.*/topic/Q[0-9]*$	iframe #2
https://tools.wmflabs.org/scholia/venue/Q4775205	.*/venue/Q[0-9]*$	iframe #0
https://tools.wmflabs.org/scholia/venue/Q4775205	.*/venue/Q[0-9]*$	iframe #1
https://tools.wmflabs.org/scholia/topic/Q52	.*/topic/Q[0-9]*$	iframe #1
https://tools.wmflabs.org/scholia/topic/Q52	.*/topic/Q[0-9]*$	iframe #2
https://tools.wmflabs.org/scholia/country/Q668	.*/country/Q[0-9]*$	iframe #0
https://tools.wmflabs.org/scholia/country/Q668	.*/country/Q[0-9]*$	iframe #2
https://tools.wmflabs.org/scholia/topic/Q41112	.*/topic/Q[0-9]*$	iframe #0
https://tools.wmflabs.org/scholia/topic/Q41112	.*/topic/Q[0-9]*$	iframe #1
https://tools.wmflabs.org/scholia/topic/Q41112	.*/topic/Q[0-9]*$	iframe #2
https://tools.wmflabs.org/scholia/topic/Q41112	.*/topic/Q[0-9]*$	iframe #4
https://tools.wmflabs.org/scholia/work/Q21090025	.*/work/Q[0-9]*$	iframe #1
https://tools.wmflabs.org/scholia/work/Q21090025	.*/work/Q[0-9]*$	iframe #2
https://tools.wmflabs.org/scholia/topic/Q81068910	.*/topic/Q[0-9]*$	iframe #1
https://tools.wmflabs.org/scholia/topic/Q81068910	.*/topic/Q[0-9]*$	iframe #2
https://tools.wmflabs.org/scholia/chemical-class/Q41581	.*/chemical-class/Q[0-9]*$	iframe #0
https://tools.wmflabs.org/scholia/award/Q35637	.*/award/Q[0-9]*$	iframe #0
https://tools.wmflabs.org/scholia/use/Q5140318	.*/use/Q[0-9]*$	iframe #1
https://tools.wmflabs.org/scholia/taxon/Q82069695	.*/taxon/Q[0-9]*$	iframe #0
https://tools.wmflabs.org/scholia/author/Q97270	.*/author/Q[0-9]*$	iframe #0
https://tools.wmflabs.org/scholia/author/Q97270	.*/author/Q[0-9]*$	iframe #3
https://tools.wmflabs.org/scholia/author/Q97270	.*/author/Q[0-9]*$	iframe #5
https://tools.wmflabs.org/scholia/author/Q97270	.*/author/Q[0-9]*$	iframe #6
https://tools.wmflabs.org/scholia/author/Q97270	.*/author/Q[0-9]*$	iframe #7
https://tools.wmflabs.org/scholia/country/Q35	.*/country/Q[0-9]*$	iframe #2
https://tools.wmflabs.org/scholia/sponsor/Q583725	.*/sponsor/Q[0-9]*$	iframe #1
https://tools.wmflabs.org/scholia/country/Q668/topic/Q10737	.*/topic/Q[0-9]*$	iframe #0
https://tools.wmflabs.org/scholia/country/Q668/topic/Q10737	.*/topic/Q[0-9]*$	iframe #1
https://tools.wmflabs.org/scholia/organization/Q583725	.*/organization/Q[0-9]*$	iframe #0
https://tools.wmflabs.org/scholia/organization/Q583725	.*/organization/Q[0-9]*$	iframe #1
https://tools.wmflabs.org/scholia/sponsor/Q4314967	.*/sponsor/Q[0-9]*$	iframe #0
https://tools.wmflabs.org/scholia/sponsor/Q4314967	.*/sponsor/Q[0-9]*$	iframe #1
https://tools.wmflabs.org/scholia/project/Q27990087	.*/project/Q[0-9]*$	iframe #1
https://tools.wmflabs.org/scholia/publisher/Q583725	.*/publisher/Q[0-9]*$	iframe #0
https://tools.wmflabs.org/scholia/author/Q55004959	.*/author/Q[0-9]*$	iframe #0
https://tools.wmflabs.org/scholia/author/Q55004959	.*/author/Q[0-9]*$	iframe #3
https://tools.wmflabs.org/scholia/author/Q55004959	.*/author/Q[0-9]*$	iframe #5
https://tools.wmflabs.org/scholia/author/Q55004959	.*/author/Q[0-9]*$	iframe #6
https://tools.wmflabs.org/scholia/author/Q55004959	.*/author/Q[0-9]*$	iframe #7
https://tools.wmflabs.org/scholia/topic/Q12156	.*/topic/Q[0-9]*$	iframe #1
https://tools.wmflabs.org/scholia/topic/Q12156	.*/topic/Q[0-9]*$	iframe #2
https://tools.wmflabs.org/scholia/topic/Q12156	.*/topic/Q[0-9]*$	iframe #4
https://tools.wmflabs.org/scholia/topic/Q82069695	.*/topic/Q[0-9]*$	iframe #1
https://tools.wmflabs.org/scholia/topic/Q82069695	.*/topic/Q[0-9]*$	iframe #2
https://tools.wmflabs.org/scholia/topic/Q583725	.*/topic/Q[0-9]*$	iframe #1
https://tools.wmflabs.org/scholia/topic/Q583725	.*/topic/Q[0-9]*$	iframe #2
https://tools.wmflabs.org/scholia/topic/Q583725	.*/topic/Q[0-9]*$	iframe #3
https://tools.wmflabs.org/scholia/topic/Q583725	.*/topic/Q[0-9]*$	iframe #5
https://tools.wmflabs.org/scholia/publisher/Q127992	.*/publisher/Q[0-9]*$	iframe #0
https://tools.wmflabs.org/scholia/organization/Q131626	.*/organization/Q[0-9]*$	iframe #0
https://tools.wmflabs.org/scholia/organization/Q131626	.*/organization/Q[0-9]*$	iframe #1
https://tools.wmflabs.org/scholia/topic/Q668	.*/topic/Q[0-9]*$	iframe #1
https://tools.wmflabs.org/scholia/topic/Q668	.*/topic/Q[0-9]*$	iframe #2
https://tools.wmflabs.org/scholia/topic/Q668	.*/topic/Q[0-9]*$	iframe #4
