https://scholia.toolforge.org/catalogue/Q42661788	.*/catalogue/Q[0-9]*$	iframe #0
https://scholia.toolforge.org/author/Q583725	.*/author/Q[0-9]*$	iframe #3
https://scholia.toolforge.org/author/Q583725	.*/author/Q[0-9]*$	iframe #5
https://scholia.toolforge.org/author/Q583725	.*/author/Q[0-9]*$	iframe #6
https://scholia.toolforge.org/author/Q583725	.*/author/Q[0-9]*$	iframe #7
https://scholia.toolforge.org/author/Q46826387	.*/author/Q[0-9]*$	iframe #0
https://scholia.toolforge.org/author/Q46826387	.*/author/Q[0-9]*$	iframe #3
https://scholia.toolforge.org/author/Q46826387	.*/author/Q[0-9]*$	iframe #5
https://scholia.toolforge.org/author/Q46826387	.*/author/Q[0-9]*$	iframe #6
https://scholia.toolforge.org/author/Q46826387	.*/author/Q[0-9]*$	iframe #7
https://scholia.toolforge.org/taxon/Q15978631	.*/taxon/Q[0-9]*$	iframe #0
https://scholia.toolforge.org/topic/Q532	.*/topic/Q[0-9]*$	iframe #0
https://scholia.toolforge.org/topic/Q532	.*/topic/Q[0-9]*$	iframe #1
https://scholia.toolforge.org/topic/Q532	.*/topic/Q[0-9]*$	iframe #2
https://scholia.toolforge.org/topic/Q532	.*/topic/Q[0-9]*$	iframe #3
https://scholia.toolforge.org/topic/Q532	.*/topic/Q[0-9]*$	iframe #5
https://scholia.toolforge.org/topic/Q84263196	.*/topic/Q[0-9]*$	iframe #1
https://scholia.toolforge.org/topic/Q84263196	.*/topic/Q[0-9]*$	iframe #2
https://scholia.toolforge.org/venue/Q4775205	.*/venue/Q[0-9]*$	iframe #0
https://scholia.toolforge.org/venue/Q4775205	.*/venue/Q[0-9]*$	iframe #1
https://scholia.toolforge.org/topic/Q52	.*/topic/Q[0-9]*$	iframe #1
https://scholia.toolforge.org/topic/Q52	.*/topic/Q[0-9]*$	iframe #2
https://scholia.toolforge.org/country/Q668	.*/country/Q[0-9]*$	iframe #0
https://scholia.toolforge.org/country/Q668	.*/country/Q[0-9]*$	iframe #2
https://scholia.toolforge.org/topic/Q41112	.*/topic/Q[0-9]*$	iframe #0
https://scholia.toolforge.org/topic/Q41112	.*/topic/Q[0-9]*$	iframe #1
https://scholia.toolforge.org/topic/Q41112	.*/topic/Q[0-9]*$	iframe #2
https://scholia.toolforge.org/topic/Q41112	.*/topic/Q[0-9]*$	iframe #4
https://scholia.toolforge.org/work/Q21090025	.*/work/Q[0-9]*$	iframe #1
https://scholia.toolforge.org/work/Q21090025	.*/work/Q[0-9]*$	iframe #2
https://scholia.toolforge.org/topic/Q81068910	.*/topic/Q[0-9]*$	iframe #1
https://scholia.toolforge.org/topic/Q81068910	.*/topic/Q[0-9]*$	iframe #2
https://scholia.toolforge.org/chemical-class/Q41581	.*/chemical-class/Q[0-9]*$	iframe #0
https://scholia.toolforge.org/award/Q35637	.*/award/Q[0-9]*$	iframe #0
https://scholia.toolforge.org/use/Q5140318	.*/use/Q[0-9]*$	iframe #1
https://scholia.toolforge.org/taxon/Q82069695	.*/taxon/Q[0-9]*$	iframe #0
https://scholia.toolforge.org/author/Q97270	.*/author/Q[0-9]*$	iframe #3
https://scholia.toolforge.org/author/Q97270	.*/author/Q[0-9]*$	iframe #5
https://scholia.toolforge.org/author/Q97270	.*/author/Q[0-9]*$	iframe #6
https://scholia.toolforge.org/author/Q97270	.*/author/Q[0-9]*$	iframe #7
https://scholia.toolforge.org/country/Q35	.*/country/Q[0-9]*$	iframe #2
https://scholia.toolforge.org/sponsor/Q583725	.*/sponsor/Q[0-9]*$	iframe #1
https://scholia.toolforge.org/country/Q668/topic/Q10737	.*/topic/Q[0-9]*$	iframe #0
https://scholia.toolforge.org/country/Q668/topic/Q10737	.*/topic/Q[0-9]*$	iframe #1
https://scholia.toolforge.org/organization/Q583725	.*/organization/Q[0-9]*$	iframe #0
https://scholia.toolforge.org/organization/Q583725	.*/organization/Q[0-9]*$	iframe #1
https://scholia.toolforge.org/sponsor/Q4314967	.*/sponsor/Q[0-9]*$	iframe #0
https://scholia.toolforge.org/sponsor/Q4314967	.*/sponsor/Q[0-9]*$	iframe #1
https://scholia.toolforge.org/project/Q27990087	.*/project/Q[0-9]*$	iframe #1
https://scholia.toolforge.org/publisher/Q583725	.*/publisher/Q[0-9]*$	iframe #0
https://scholia.toolforge.org/author/Q55004959	.*/author/Q[0-9]*$	iframe #0
https://scholia.toolforge.org/author/Q55004959	.*/author/Q[0-9]*$	iframe #3
https://scholia.toolforge.org/author/Q55004959	.*/author/Q[0-9]*$	iframe #5
https://scholia.toolforge.org/author/Q55004959	.*/author/Q[0-9]*$	iframe #6
https://scholia.toolforge.org/author/Q55004959	.*/author/Q[0-9]*$	iframe #7
https://scholia.toolforge.org/topic/Q12156	.*/topic/Q[0-9]*$	iframe #0
https://scholia.toolforge.org/topic/Q12156	.*/topic/Q[0-9]*$	iframe #1
https://scholia.toolforge.org/topic/Q12156	.*/topic/Q[0-9]*$	iframe #2
https://scholia.toolforge.org/topic/Q12156	.*/topic/Q[0-9]*$	iframe #4
https://scholia.toolforge.org/topic/Q82069695	.*/topic/Q[0-9]*$	iframe #1
https://scholia.toolforge.org/topic/Q82069695	.*/topic/Q[0-9]*$	iframe #2
https://scholia.toolforge.org/topic/Q583725	.*/topic/Q[0-9]*$	iframe #1
https://scholia.toolforge.org/topic/Q583725	.*/topic/Q[0-9]*$	iframe #2
https://scholia.toolforge.org/topic/Q583725	.*/topic/Q[0-9]*$	iframe #3
https://scholia.toolforge.org/topic/Q583725	.*/topic/Q[0-9]*$	iframe #5
https://scholia.toolforge.org/publisher/Q127992	.*/publisher/Q[0-9]*$	iframe #0
https://scholia.toolforge.org/organization/Q131626	.*/organization/Q[0-9]*$	iframe #0
https://scholia.toolforge.org/organization/Q131626	.*/organization/Q[0-9]*$	iframe #1
https://scholia.toolforge.org/organization/Q131626	.*/organization/Q[0-9]*$	iframe #2
https://scholia.toolforge.org/topic/Q668	.*/topic/Q[0-9]*$	iframe #1
https://scholia.toolforge.org/topic/Q668	.*/topic/Q[0-9]*$	iframe #2
https://scholia.toolforge.org/topic/Q668	.*/topic/Q[0-9]*$	iframe #4
