https://scholia.toolforge.org/author/Q46826387	.*/author/Q[0-9]*$	iframe #0
https://scholia.toolforge.org/author/Q46826387	.*/author/Q[0-9]*$	iframe #3
https://scholia.toolforge.org/topic/Q532	.*/topic/Q[0-9]*$	iframe #0
https://scholia.toolforge.org/topic/Q532	.*/topic/Q[0-9]*$	iframe #1
https://scholia.toolforge.org/topic/Q532	.*/topic/Q[0-9]*$	iframe #2
https://scholia.toolforge.org/topic/Q532	.*/topic/Q[0-9]*$	iframe #3
https://scholia.toolforge.org/topic/Q532	.*/topic/Q[0-9]*$	iframe #5
https://scholia.toolforge.org/country/Q668	.*/country/Q[0-9]*$	iframe #0
https://scholia.toolforge.org/country/Q668	.*/country/Q[0-9]*$	iframe #2
https://scholia.toolforge.org/topic/Q41112	.*/topic/Q[0-9]*$	iframe #0
https://scholia.toolforge.org/topic/Q41112	.*/topic/Q[0-9]*$	iframe #1
https://scholia.toolforge.org/use/Q5140318	.*/use/Q[0-9]*$	iframe #1
https://scholia.toolforge.org/author/Q97270	.*/author/Q[0-9]*$	iframe #0
https://scholia.toolforge.org/country/Q35	.*/country/Q[0-9]*$	iframe #2
https://scholia.toolforge.org/sponsor/Q583725	.*/sponsor/Q[0-9]*$	iframe #1
https://scholia.toolforge.org/pathway/Q30225516	.*/pathway/Q[0-9]*$	iframe #0
https://scholia.toolforge.org/sponsor/Q4314967	.*/sponsor/Q[0-9]*$	iframe #0
https://scholia.toolforge.org/sponsor/Q4314967	.*/sponsor/Q[0-9]*$	iframe #1
https://scholia.toolforge.org/author/Q55004959	.*/author/Q[0-9]*$	iframe #0
https://scholia.toolforge.org/author/Q55004959	.*/author/Q[0-9]*$	iframe #3
https://scholia.toolforge.org/topic/Q583725	.*/topic/Q[0-9]*$	iframe #3
https://scholia.toolforge.org/topic/Q583725	.*/topic/Q[0-9]*$	iframe #5
