https://tools.wmflabs.org/scholia/author/Q46826387	.*/author/Q[0-9]*$	iframe #0
https://tools.wmflabs.org/scholia/author/Q46826387	.*/author/Q[0-9]*$	iframe #3
https://tools.wmflabs.org/scholia/topic/Q532	.*/topic/Q[0-9]*$	iframe #0
https://tools.wmflabs.org/scholia/topic/Q532	.*/topic/Q[0-9]*$	iframe #1
https://tools.wmflabs.org/scholia/topic/Q532	.*/topic/Q[0-9]*$	iframe #2
https://tools.wmflabs.org/scholia/topic/Q532	.*/topic/Q[0-9]*$	iframe #3
https://tools.wmflabs.org/scholia/topic/Q532	.*/topic/Q[0-9]*$	iframe #5
https://tools.wmflabs.org/scholia/country/Q668	.*/country/Q[0-9]*$	iframe #0
https://tools.wmflabs.org/scholia/country/Q668	.*/country/Q[0-9]*$	iframe #2
https://tools.wmflabs.org/scholia/topic/Q41112	.*/topic/Q[0-9]*$	iframe #0
https://tools.wmflabs.org/scholia/topic/Q41112	.*/topic/Q[0-9]*$	iframe #1
https://tools.wmflabs.org/scholia/topic/Q41112	.*/topic/Q[0-9]*$	iframe #4
https://tools.wmflabs.org/scholia/use/Q5140318	.*/use/Q[0-9]*$	iframe #1
https://tools.wmflabs.org/scholia/country/Q35	.*/country/Q[0-9]*$	iframe #2
https://tools.wmflabs.org/scholia/sponsor/Q583725	.*/sponsor/Q[0-9]*$	iframe #1
https://tools.wmflabs.org/scholia/pathway/Q30225516	.*/pathway/Q[0-9]*$	iframe #0
https://tools.wmflabs.org/scholia/sponsor/Q4314967	.*/sponsor/Q[0-9]*$	iframe #0
https://tools.wmflabs.org/scholia/sponsor/Q4314967	.*/sponsor/Q[0-9]*$	iframe #1
https://tools.wmflabs.org/scholia/author/Q55004959	.*/author/Q[0-9]*$	iframe #0
https://tools.wmflabs.org/scholia/author/Q55004959	.*/author/Q[0-9]*$	iframe #3
https://tools.wmflabs.org/scholia/topic/Q12156	.*/topic/Q[0-9]*$	iframe #4
https://tools.wmflabs.org/scholia/topic/Q583725	.*/topic/Q[0-9]*$	iframe #3
https://tools.wmflabs.org/scholia/topic/Q583725	.*/topic/Q[0-9]*$	iframe #5
