https://tools.wmflabs.org/scholia/topic/Q111140	# endothelium; over 50k publications	_unknown	iframe #4	Author score
https://tools.wmflabs.org/scholia/author/Q46826387	.*/author/Q[0-9]*$	iframe #0	Number of publications per year
https://tools.wmflabs.org/scholia/author/Q46826387	.*/author/Q[0-9]*$	iframe #3	Co-author graph
https://tools.wmflabs.org/scholia/topic/Q15	# Africa; fails in multiple ways	_unknown	iframe #0	Publications per year
https://tools.wmflabs.org/scholia/topic/Q15	# Africa; fails in multiple ways	_unknown	iframe #1	Co-author graph
https://tools.wmflabs.org/scholia/topic/Q41112	# schizophrenia; over 50k publications	_unknown	iframe #0	Publications per year
https://tools.wmflabs.org/scholia/topic/Q41112	# schizophrenia; over 50k publications	_unknown	iframe #4	Author score
https://tools.wmflabs.org/scholia/topic/Q181600	# patient; over 50k publications	_unknown	iframe #4	Author score
https://tools.wmflabs.org/scholia/topic/Q532	.*/topic/Q[0-9]*$	iframe #0	Publications per year
https://tools.wmflabs.org/scholia/topic/Q532	.*/topic/Q[0-9]*$	iframe #1	Co-author graph
https://tools.wmflabs.org/scholia/topic/Q532	.*/topic/Q[0-9]*$	iframe #2	Co-occurring topics graph
https://tools.wmflabs.org/scholia/topic/Q532	.*/topic/Q[0-9]*$	iframe #3	Co-occurring topics map
https://tools.wmflabs.org/scholia/topic/Q532	.*/topic/Q[0-9]*$	iframe #5	Map of organizations associated with works about the topic
https://tools.wmflabs.org/scholia/country/Q668	.*/country/Q[0-9]*$	iframe #0	Locations as topics
https://tools.wmflabs.org/scholia/country/Q668	.*/country/Q[0-9]*$	iframe #2	Co-organizations
https://tools.wmflabs.org/scholia/organizations/Q1269766,Q193196	_unknown	iframe #1	Citations per year
https://tools.wmflabs.org/scholia/organizations/Q1269766,Q193196	_unknown	iframe #2	Citations to works ratio
https://tools.wmflabs.org/scholia/use/Q5140318	.*/use/Q[0-9]*$	iframe #1	Authors of works using the resource
https://tools.wmflabs.org/scholia/author/Q97270	.*/author/Q[0-9]*$	iframe #0	Number of publications per year
https://tools.wmflabs.org/scholia/country/Q35	.*/country/Q[0-9]*$	iframe #2	Co-organizations
https://tools.wmflabs.org/scholia/sponsor/Q583725	.*/sponsor/Q[0-9]*$	iframe #1	Project budgets
https://tools.wmflabs.org/scholia/pathway/Q30225516	.*/pathway/Q[0-9]*$	iframe #0	
https://tools.wmflabs.org/scholia/sponsor/Q4314967	.*/sponsor/Q[0-9]*$	iframe #0	Topics of sponsored work
https://tools.wmflabs.org/scholia/sponsor/Q4314967	.*/sponsor/Q[0-9]*$	iframe #1	Project budgets
https://tools.wmflabs.org/scholia/topic/Q29496	# leukemia; over 50k publications	_unknown	iframe #0	Publications per year
https://tools.wmflabs.org/scholia/topic/Q29496	# leukemia; over 50k publications	_unknown	iframe #4	Author score
https://tools.wmflabs.org/scholia/topic/Q1492760	# teenager; over 50k publications	_unknown	iframe #0	Publications per year
https://tools.wmflabs.org/scholia/topic/Q1492760	# teenager; over 50k publications	_unknown	iframe #4	Author score
https://tools.wmflabs.org/scholia/author/Q55004959	.*/author/Q[0-9]*$	iframe #0	Number of publications per year
https://tools.wmflabs.org/scholia/author/Q55004959	.*/author/Q[0-9]*$	iframe #3	Co-author graph
https://tools.wmflabs.org/scholia/P577	_unknown	iframe #0	Item counts
https://tools.wmflabs.org/scholia/topic/Q12156	# malaria; over 50k publications	_unknown	iframe #0	Publications per year
https://tools.wmflabs.org/scholia/topic/Q12156	# malaria; over 50k publications	_unknown	iframe #4	Author score
https://tools.wmflabs.org/scholia/topic/Q583725	.*/topic/Q[0-9]*$	iframe #3	Co-occurring topics map
https://tools.wmflabs.org/scholia/topic/Q583725	.*/topic/Q[0-9]*$	iframe #5	Map of organizations associated with works about the topic
https://tools.wmflabs.org/scholia/topic/Q12174	# obesity; over 50k publications	_unknown	iframe #1	Co-author graph
https://tools.wmflabs.org/scholia/topic/Q12174	# obesity; over 50k publications	_unknown	iframe #4	Author score
