https://tools.wmflabs.org/scholia/chemical-element/Q623	.*/chemical-element/Q[0-9]*$	isotopes	
https://tools.wmflabs.org/scholia/chemical-element/Q623	.*/chemical-element/Q[0-9]*$	allotropes	
https://tools.wmflabs.org/scholia/topic/Q111140	.*/topic/Q[0-9]*$	topics	
https://tools.wmflabs.org/scholia/topic/Q111140	.*/topic/Q[0-9]*$	venues	
https://tools.wmflabs.org/scholia/topic/Q111140	.*/topic/Q[0-9]*$	iframe #0	Publications per year
https://tools.wmflabs.org/scholia/topic/Q111140	.*/topic/Q[0-9]*$	iframe #1	Co-author graph
https://tools.wmflabs.org/scholia/topic/Q111140	.*/topic/Q[0-9]*$	iframe #3	Co-occurring topics map
https://tools.wmflabs.org/scholia/topic/Q111140	.*/topic/Q[0-9]*$	iframe #4	Author score
https://tools.wmflabs.org/scholia/topic/Q111140	.*/topic/Q[0-9]*$	iframe #5	Map of organizations associated with works about the topic
https://tools.wmflabs.org/scholia/catalogue/Q42661788	.*/catalogue/Q[0-9]*$	items-in-catalogue	
https://tools.wmflabs.org/scholia/catalogue/Q42661788	.*/catalogue/Q[0-9]*$	iframe #0	Images
https://tools.wmflabs.org/scholia/author/Q583725	.*/author/Q[0-9]*$	venue-statistics	
https://tools.wmflabs.org/scholia/author/Q583725	.*/author/Q[0-9]*$	most-cited-works	
https://tools.wmflabs.org/scholia/author/Q583725	.*/author/Q[0-9]*$	topics	
https://tools.wmflabs.org/scholia/author/Q583725	.*/author/Q[0-9]*$	citing-authors	
https://tools.wmflabs.org/scholia/author/Q583725	.*/author/Q[0-9]*$	events	
https://tools.wmflabs.org/scholia/author/Q583725	.*/author/Q[0-9]*$	iframe #0	Number of publications per year
https://tools.wmflabs.org/scholia/author/Q583725	.*/author/Q[0-9]*$	iframe #2	Venue statistics
https://tools.wmflabs.org/scholia/author/Q583725	.*/author/Q[0-9]*$	iframe #3	Co-author graph
https://tools.wmflabs.org/scholia/author/Q583725	.*/author/Q[0-9]*$	iframe #4	Topic scores
https://tools.wmflabs.org/scholia/author/Q583725	.*/author/Q[0-9]*$	iframe #5	Associated images
https://tools.wmflabs.org/scholia/author/Q583725	.*/author/Q[0-9]*$	iframe #7	Academic tree
https://tools.wmflabs.org/scholia/author/Q46826387	.*/author/Q[0-9]*$	venue-statistics	
https://tools.wmflabs.org/scholia/author/Q46826387	.*/author/Q[0-9]*$	most-cited-works	
https://tools.wmflabs.org/scholia/author/Q46826387	.*/author/Q[0-9]*$	topics	
https://tools.wmflabs.org/scholia/author/Q46826387	.*/author/Q[0-9]*$	citing-authors	
https://tools.wmflabs.org/scholia/author/Q46826387	.*/author/Q[0-9]*$	events	
https://tools.wmflabs.org/scholia/author/Q46826387	.*/author/Q[0-9]*$	iframe #9	Citations by year
https://tools.wmflabs.org/scholia/taxon/Q15978631	.*/taxon/Q[0-9]*$	genome	
https://tools.wmflabs.org/scholia/taxon/Q15978631	.*/taxon/Q[0-9]*$	metabolome	
https://tools.wmflabs.org/scholia/taxon/Q15978631	.*/taxon/Q[0-9]*$	parents	
https://tools.wmflabs.org/scholia/taxon/Q15978631	.*/taxon/Q[0-9]*$	iframe #0	Parent Taxa
https://tools.wmflabs.org/scholia/topic/Q15	.*/topic/Q[0-9]*$	venues	
https://tools.wmflabs.org/scholia/topic/Q15	.*/topic/Q[0-9]*$	authors	
https://tools.wmflabs.org/scholia/topic/Q15	.*/topic/Q[0-9]*$	author-score	
https://tools.wmflabs.org/scholia/topic/Q15	.*/topic/Q[0-9]*$	iframe #2	Co-occurring topics graph
https://tools.wmflabs.org/scholia/chemical/Q2270	.*/chemical/Q[0-9]*$	related	
https://tools.wmflabs.org/scholia/chemical/Q2270	.*/chemical/Q[0-9]*$	identifiers	
https://tools.wmflabs.org/scholia/chemical/Q2270	.*/chemical/Q[0-9]*$	properties	
https://tools.wmflabs.org/scholia/chemical/Q2270	.*/chemical/Q[0-9]*$	iframe #0	Publications per year
https://tools.wmflabs.org/scholia/topic/Q532	.*/topic/Q[0-9]*$	venues	
https://tools.wmflabs.org/scholia/topic/Q84263196	.*/topic/Q[0-9]*$	most-cited-authors	
https://tools.wmflabs.org/scholia/topic/Q84263196	.*/topic/Q[0-9]*$	recently-published-works	
https://tools.wmflabs.org/scholia/topic/Q84263196	.*/topic/Q[0-9]*$	topCited	
https://tools.wmflabs.org/scholia/topic/Q84263196	.*/topic/Q[0-9]*$	topics	
https://tools.wmflabs.org/scholia/topic/Q84263196	.*/topic/Q[0-9]*$	venues	
https://tools.wmflabs.org/scholia/topic/Q84263196	.*/topic/Q[0-9]*$	authors	
https://tools.wmflabs.org/scholia/topic/Q84263196	.*/topic/Q[0-9]*$	author-score	
https://tools.wmflabs.org/scholia/topic/Q84263196	.*/topic/Q[0-9]*$	iframe #0	Publications per year
https://tools.wmflabs.org/scholia/topic/Q84263196	.*/topic/Q[0-9]*$	iframe #1	Co-author graph
https://tools.wmflabs.org/scholia/topic/Q84263196	.*/topic/Q[0-9]*$	iframe #2	Co-occurring topics graph
https://tools.wmflabs.org/scholia/topic/Q84263196	.*/topic/Q[0-9]*$	iframe #3	Co-occurring topics map
https://tools.wmflabs.org/scholia/topic/Q84263196	.*/topic/Q[0-9]*$	iframe #4	Author score
https://tools.wmflabs.org/scholia/topic/Q84263196	.*/topic/Q[0-9]*$	iframe #5	Map of organizations associated with works about the topic
https://tools.wmflabs.org/scholia/venue/Q4775205	.*/venue/Q[0-9]*$	cited-venues	
https://tools.wmflabs.org/scholia/venue/Q4775205	.*/venue/Q[0-9]*$	most-cited-authors	
https://tools.wmflabs.org/scholia/venue/Q4775205	.*/venue/Q[0-9]*$	author-awards	
https://tools.wmflabs.org/scholia/venue/Q4775205	.*/venue/Q[0-9]*$	recently-published-works	
https://tools.wmflabs.org/scholia/venue/Q4775205	.*/venue/Q[0-9]*$	prolific-authors	
https://tools.wmflabs.org/scholia/venue/Q4775205	.*/venue/Q[0-9]*$	most-cited-works	
https://tools.wmflabs.org/scholia/venue/Q4775205	.*/venue/Q[0-9]*$	topics	
https://tools.wmflabs.org/scholia/venue/Q4775205	.*/venue/Q[0-9]*$	authorships-gender-distribution	
https://tools.wmflabs.org/scholia/venue/Q4775205	.*/venue/Q[0-9]*$	gender-distribution	
https://tools.wmflabs.org/scholia/venue/Q4775205	.*/venue/Q[0-9]*$	citing-venues	
https://tools.wmflabs.org/scholia/venue/Q4775205	.*/venue/Q[0-9]*$	iframe #0	Author images
https://tools.wmflabs.org/scholia/venue/Q4775205	.*/venue/Q[0-9]*$	iframe #1	Co-author graph
https://tools.wmflabs.org/scholia/venue/Q4775205	.*/venue/Q[0-9]*$	iframe #2	Citation distribution
https://tools.wmflabs.org/scholia/disease/Q41112	.*/disease/Q[0-9]*$	related-diseases	
https://tools.wmflabs.org/scholia/disease/Q41112	.*/disease/Q[0-9]*$	clinical-trials	
https://tools.wmflabs.org/scholia/topic/Q52	.*/topic/Q[0-9]*$	recently-published-works	
https://tools.wmflabs.org/scholia/topic/Q52	.*/topic/Q[0-9]*$	topCited	
https://tools.wmflabs.org/scholia/topic/Q52	.*/topic/Q[0-9]*$	topics	
https://tools.wmflabs.org/scholia/topic/Q52	.*/topic/Q[0-9]*$	authors	
https://tools.wmflabs.org/scholia/topic/Q52	.*/topic/Q[0-9]*$	author-score	
https://tools.wmflabs.org/scholia/topic/Q52	.*/topic/Q[0-9]*$	iframe #1	Co-author graph
https://tools.wmflabs.org/scholia/topic/Q52	.*/topic/Q[0-9]*$	iframe #2	Co-occurring topics graph
https://tools.wmflabs.org/scholia/topic/Q52	.*/topic/Q[0-9]*$	iframe #3	Co-occurring topics map
https://tools.wmflabs.org/scholia/topic/Q52	.*/topic/Q[0-9]*$	iframe #4	Author score
https://tools.wmflabs.org/scholia/topic/Q52	.*/topic/Q[0-9]*$	iframe #5	Map of organizations associated with works about the topic
https://tools.wmflabs.org/scholia/topic/Q12174	.*/topic/Q[0-9]*$	topics	
https://tools.wmflabs.org/scholia/topic/Q12174	.*/topic/Q[0-9]*$	venues	
https://tools.wmflabs.org/scholia/topic/Q12174	.*/topic/Q[0-9]*$	iframe #2	Co-occurring topics graph
https://tools.wmflabs.org/scholia/topic/Q12174	.*/topic/Q[0-9]*$	iframe #4	Author score
https://tools.wmflabs.org/scholia/country/Q668	.*/country/Q[0-9]*$	iframe #2	Co-organizations
https://tools.wmflabs.org/scholia/disease/Q12156	.*/disease/Q[0-9]*$	related-diseases	
https://tools.wmflabs.org/scholia/disease/Q12156	.*/disease/Q[0-9]*$	clinical-trials	
https://tools.wmflabs.org/scholia/topic/Q41112	.*/topic/Q[0-9]*$	topics	
https://tools.wmflabs.org/scholia/topic/Q41112	.*/topic/Q[0-9]*$	venues	
https://tools.wmflabs.org/scholia/topic/Q41112	.*/topic/Q[0-9]*$	author-score	
https://tools.wmflabs.org/scholia/topic/Q41112	.*/topic/Q[0-9]*$	iframe #4	Author score
https://tools.wmflabs.org/scholia/organizations/Q1269766,Q193196	_unknown	iframe #0	Works per year
https://tools.wmflabs.org/scholia/organizations/Q1269766,Q193196	_unknown	iframe #1	Citations per year
https://tools.wmflabs.org/scholia/organizations/Q1269766,Q193196	_unknown	iframe #2	Citations to works ratio
https://tools.wmflabs.org/scholia/event/	.*/event/	future-events	
https://tools.wmflabs.org/scholia/event/	.*/event/	past-events	
https://tools.wmflabs.org/scholia/event/	.*/event/	coming-deadlines	
https://tools.wmflabs.org/scholia/event-series/	.*/event-series/	event-series	
https://tools.wmflabs.org/scholia/work/Q21090025	.*/work/Q[0-9]*$	related-works	
https://tools.wmflabs.org/scholia/work/Q21090025	.*/work/Q[0-9]*$	cited-works	
https://tools.wmflabs.org/scholia/work/Q21090025	.*/work/Q[0-9]*$	statements	
https://tools.wmflabs.org/scholia/work/Q21090025	.*/work/Q[0-9]*$	list-of-authors	
https://tools.wmflabs.org/scholia/work/Q21090025	.*/work/Q[0-9]*$	citations-to-the-work	
https://tools.wmflabs.org/scholia/work/Q21090025	.*/work/Q[0-9]*$	iframe #0	Topic scores
https://tools.wmflabs.org/scholia/work/Q21090025	.*/work/Q[0-9]*$	iframe #1	Timeline
https://tools.wmflabs.org/scholia/work/Q21090025	.*/work/Q[0-9]*$	iframe #2	Citation graph
https://tools.wmflabs.org/scholia/work/Q21090025	.*/work/Q[0-9]*$	iframe #3	Citations per year
https://tools.wmflabs.org/scholia/topic/Q81068910	.*/topic/Q[0-9]*$	most-cited-authors	
https://tools.wmflabs.org/scholia/topic/Q81068910	.*/topic/Q[0-9]*$	recently-published-works	
https://tools.wmflabs.org/scholia/topic/Q81068910	.*/topic/Q[0-9]*$	topCited	
https://tools.wmflabs.org/scholia/topic/Q81068910	.*/topic/Q[0-9]*$	topics	
https://tools.wmflabs.org/scholia/topic/Q81068910	.*/topic/Q[0-9]*$	venues	
https://tools.wmflabs.org/scholia/topic/Q81068910	.*/topic/Q[0-9]*$	authors	
https://tools.wmflabs.org/scholia/topic/Q81068910	.*/topic/Q[0-9]*$	author-score	
https://tools.wmflabs.org/scholia/topic/Q81068910	.*/topic/Q[0-9]*$	iframe #0	Publications per year
https://tools.wmflabs.org/scholia/topic/Q81068910	.*/topic/Q[0-9]*$	iframe #1	Co-author graph
https://tools.wmflabs.org/scholia/topic/Q81068910	.*/topic/Q[0-9]*$	iframe #2	Co-occurring topics graph
https://tools.wmflabs.org/scholia/topic/Q81068910	.*/topic/Q[0-9]*$	iframe #3	Co-occurring topics map
https://tools.wmflabs.org/scholia/topic/Q81068910	.*/topic/Q[0-9]*$	iframe #4	Author score
https://tools.wmflabs.org/scholia/topic/Q81068910	.*/topic/Q[0-9]*$	iframe #5	Map of organizations associated with works about the topic
https://tools.wmflabs.org/scholia/printer/	.*/printer/	iframe #0	Map of printers
https://tools.wmflabs.org/scholia/chemical-class/Q41581	.*/chemical-class/Q[0-9]*$	iframe #0	Class Hierarchy
https://tools.wmflabs.org/scholia/chemical-class/Q41581	.*/chemical-class/Q[0-9]*$	iframe #1	Publications per year
https://tools.wmflabs.org/scholia/gene/Q18030793	.*/gene/Q[0-9]*$	transcripts	
https://tools.wmflabs.org/scholia/gene/Q18030793	.*/gene/Q[0-9]*$	proteins	
https://tools.wmflabs.org/scholia/gene/Q18030793	.*/gene/Q[0-9]*$	variants	
https://tools.wmflabs.org/scholia/gene/Q18030793	.*/gene/Q[0-9]*$	orthologs	
https://tools.wmflabs.org/scholia/clinical-trial/	.*/clinical-trial/	interventions	
https://tools.wmflabs.org/scholia/clinical-trial/	.*/clinical-trial/	recent-clinical-trials	
https://tools.wmflabs.org/scholia/clinical-trial/	.*/clinical-trial/	medical-conditions	
https://tools.wmflabs.org/scholia/clinical-trial/	.*/clinical-trial/	statistics	
https://tools.wmflabs.org/scholia/clinical-trial/	.*/clinical-trial/	iframe #0	Phases
https://tools.wmflabs.org/scholia/award/Q35637	.*/award/Q[0-9]*$	gender-distribution	
https://tools.wmflabs.org/scholia/award/Q35637	.*/award/Q[0-9]*$	recent-publications-by-recipients	
https://tools.wmflabs.org/scholia/award/Q35637	.*/award/Q[0-9]*$	list-of-recipients	
https://tools.wmflabs.org/scholia/award/Q35637	.*/award/Q[0-9]*$	iframe #0	Images of recipients
https://tools.wmflabs.org/scholia/award/Q35637	.*/award/Q[0-9]*$	iframe #1	Topics of works by recipients
https://tools.wmflabs.org/scholia/award/Q35637	.*/award/Q[0-9]*$	iframe #2	Locations of recipients
https://tools.wmflabs.org/scholia/use/Q5140318	.*/use/Q[0-9]*$	recent-work-using-the-used	
https://tools.wmflabs.org/scholia/use/Q5140318	.*/use/Q[0-9]*$	co-used	
https://tools.wmflabs.org/scholia/use/Q5140318	.*/use/Q[0-9]*$	iframe #0	Topics of works using the resource
https://tools.wmflabs.org/scholia/use/Q5140318	.*/use/Q[0-9]*$	iframe #1	Authors of works using the resource
https://tools.wmflabs.org/scholia/use/Q5140318	.*/use/Q[0-9]*$	iframe #2	Usage over time
https://tools.wmflabs.org/scholia/taxon/Q82069695	.*/taxon/Q[0-9]*$	genome	
https://tools.wmflabs.org/scholia/taxon/Q82069695	.*/taxon/Q[0-9]*$	metabolome	
https://tools.wmflabs.org/scholia/taxon/Q82069695	.*/taxon/Q[0-9]*$	parents	
https://tools.wmflabs.org/scholia/taxon/Q82069695	.*/taxon/Q[0-9]*$	iframe #0	Parent Taxa
https://tools.wmflabs.org/scholia/author/Q97270	.*/author/Q[0-9]*$	venue-statistics	
https://tools.wmflabs.org/scholia/author/Q97270	.*/author/Q[0-9]*$	most-cited-works	
https://tools.wmflabs.org/scholia/author/Q97270	.*/author/Q[0-9]*$	topics	
https://tools.wmflabs.org/scholia/author/Q97270	.*/author/Q[0-9]*$	citing-authors	
https://tools.wmflabs.org/scholia/author/Q97270	.*/author/Q[0-9]*$	iframe #0	Number of publications per year
https://tools.wmflabs.org/scholia/author/Q97270	.*/author/Q[0-9]*$	iframe #1	Number of pages per year
https://tools.wmflabs.org/scholia/author/Q97270	.*/author/Q[0-9]*$	iframe #2	Venue statistics
https://tools.wmflabs.org/scholia/author/Q97270	.*/author/Q[0-9]*$	iframe #3	Co-author graph
https://tools.wmflabs.org/scholia/author/Q97270	.*/author/Q[0-9]*$	iframe #4	Topic scores
https://tools.wmflabs.org/scholia/author/Q97270	.*/author/Q[0-9]*$	iframe #5	Associated images
https://tools.wmflabs.org/scholia/author/Q97270	.*/author/Q[0-9]*$	iframe #6	Timeline
https://tools.wmflabs.org/scholia/author/Q97270	.*/author/Q[0-9]*$	iframe #7	Academic tree
https://tools.wmflabs.org/scholia/author/Q97270	.*/author/Q[0-9]*$	iframe #8	Locations
https://tools.wmflabs.org/scholia/author/Q97270	.*/author/Q[0-9]*$	iframe #9	Citations by year
https://tools.wmflabs.org/scholia/country/Q35	.*/country/Q[0-9]*$	iframe #2	Co-organizations
https://tools.wmflabs.org/scholia/sponsor/Q583725	.*/sponsor/Q[0-9]*$	co-sponsors	
https://tools.wmflabs.org/scholia/sponsor/Q583725	.*/sponsor/Q[0-9]*$	recently-published-sponsored-work	
https://tools.wmflabs.org/scholia/sponsor/Q583725	.*/sponsor/Q[0-9]*$	authors-on-sponsored-work	
https://tools.wmflabs.org/scholia/sponsor/Q583725	.*/sponsor/Q[0-9]*$	iframe #0	Topics of sponsored work
https://tools.wmflabs.org/scholia/sponsor/Q583725	.*/sponsor/Q[0-9]*$	iframe #1	Project budgets
https://tools.wmflabs.org/scholia/pathway/Q30225516	.*/pathway/Q[0-9]*$	citingArticles	
https://tools.wmflabs.org/scholia/pathway/Q30225516	.*/pathway/Q[0-9]*$	recentArticles	
https://tools.wmflabs.org/scholia/pathway/Q30225516	.*/pathway/Q[0-9]*$	participants	
https://tools.wmflabs.org/scholia/country/Q668/topic/Q10737	.*/topic/Q[0-9]*$	authors	
https://tools.wmflabs.org/scholia/country/Q668/topic/Q10737	.*/topic/Q[0-9]*$	iframe #0	Co-author graph
https://tools.wmflabs.org/scholia/country/Q668/topic/Q10737	.*/topic/Q[0-9]*$	iframe #1	Co-citation graph
https://tools.wmflabs.org/scholia/organization/Q583725	.*/organization/Q[0-9]*$	awards	
https://tools.wmflabs.org/scholia/organization/Q583725	.*/organization/Q[0-9]*$	gender-distribution	
https://tools.wmflabs.org/scholia/organization/Q583725	.*/organization/Q[0-9]*$	recent-publications	
https://tools.wmflabs.org/scholia/organization/Q583725	.*/organization/Q[0-9]*$	iframe #0	Co-author graph
https://tools.wmflabs.org/scholia/organization/Q583725	.*/organization/Q[0-9]*$	iframe #1	Advisor graph
https://tools.wmflabs.org/scholia/organization/Q583725	.*/organization/Q[0-9]*$	iframe #2	Page production
https://tools.wmflabs.org/scholia/organization/Q583725	.*/organization/Q[0-9]*$	iframe #3	Most cited papers with affiliated first author
https://tools.wmflabs.org/scholia/organization/Q583725	.*/organization/Q[0-9]*$	iframe #4	Co-author-normalized citations per year
https://tools.wmflabs.org/scholia/sponsor/Q4314967	.*/sponsor/Q[0-9]*$	co-sponsors	
https://tools.wmflabs.org/scholia/sponsor/Q4314967	.*/sponsor/Q[0-9]*$	recently-published-sponsored-work	
https://tools.wmflabs.org/scholia/sponsor/Q4314967	.*/sponsor/Q[0-9]*$	authors-on-sponsored-work	
https://tools.wmflabs.org/scholia/project/Q27990087	.*/project/Q[0-9]*$	prolific-authors	
https://tools.wmflabs.org/scholia/project/Q27990087	.*/project/Q[0-9]*$	recentArticles	
https://tools.wmflabs.org/scholia/project/Q27990087	.*/project/Q[0-9]*$	iframe #0	Project Partners
https://tools.wmflabs.org/scholia/project/Q27990087	.*/project/Q[0-9]*$	iframe #1	Timeline
https://tools.wmflabs.org/scholia/project/Q27990087	.*/project/Q[0-9]*$	iframe #2	Topic scores
https://tools.wmflabs.org/scholia/project/Q27990087	.*/project/Q[0-9]*$	iframe #3	Publications per year
https://tools.wmflabs.org/scholia/location/Q5465	.*/location/Q[0-9]*$	nearby-organizations	
https://tools.wmflabs.org/scholia/publisher/Q583725	.*/publisher/Q[0-9]*$	mostCited	
https://tools.wmflabs.org/scholia/publisher/Q583725	.*/publisher/Q[0-9]*$	journals	
https://tools.wmflabs.org/scholia/publisher/Q583725	.*/publisher/Q[0-9]*$	iframe #0	Recently established journals
https://tools.wmflabs.org/scholia/publisher/Q583725	.*/publisher/Q[0-9]*$	iframe #1	As function of number of published works
https://tools.wmflabs.org/scholia/topic/Q29496	.*/topic/Q[0-9]*$	venues	
https://tools.wmflabs.org/scholia/topic/Q29496	.*/topic/Q[0-9]*$	authors	
https://tools.wmflabs.org/scholia/topic/Q29496	.*/topic/Q[0-9]*$	author-score	
https://tools.wmflabs.org/scholia/topic/Q29496	.*/topic/Q[0-9]*$	iframe #1	Co-author graph
https://tools.wmflabs.org/scholia/topic/Q29496	.*/topic/Q[0-9]*$	iframe #2	Co-occurring topics graph
https://tools.wmflabs.org/scholia/topic/Q29496	.*/topic/Q[0-9]*$	iframe #4	Author score
https://tools.wmflabs.org/scholia/topic/Q1492760	.*/topic/Q[0-9]*$	authors	
https://tools.wmflabs.org/scholia/author/Q55004959	.*/author/Q[0-9]*$	venue-statistics	
https://tools.wmflabs.org/scholia/author/Q55004959	.*/author/Q[0-9]*$	most-cited-works	
https://tools.wmflabs.org/scholia/author/Q55004959	.*/author/Q[0-9]*$	topics	
https://tools.wmflabs.org/scholia/author/Q55004959	.*/author/Q[0-9]*$	citing-authors	
https://tools.wmflabs.org/scholia/author/Q55004959	.*/author/Q[0-9]*$	events	
https://tools.wmflabs.org/scholia/author/Q55004959	.*/author/Q[0-9]*$	iframe #1	Number of pages per year
https://tools.wmflabs.org/scholia/author/Q55004959	.*/author/Q[0-9]*$	iframe #6	Timeline
https://tools.wmflabs.org/scholia/author/Q55004959	.*/author/Q[0-9]*$	iframe #7	Academic tree
https://tools.wmflabs.org/scholia/author/Q55004959	.*/author/Q[0-9]*$	iframe #8	Locations
https://tools.wmflabs.org/scholia/author/Q55004959	.*/author/Q[0-9]*$	iframe #9	Citations by year
https://tools.wmflabs.org/scholia/topic/Q12156	.*/topic/Q[0-9]*$	topics	
https://tools.wmflabs.org/scholia/topic/Q12156	.*/topic/Q[0-9]*$	iframe #0	Publications per year
https://tools.wmflabs.org/scholia/topic/Q12156	.*/topic/Q[0-9]*$	iframe #1	Co-author graph
https://tools.wmflabs.org/scholia/topic/Q12156	.*/topic/Q[0-9]*$	iframe #4	Author score
https://tools.wmflabs.org/scholia/topic/Q12156	.*/topic/Q[0-9]*$	iframe #5	Map of organizations associated with works about the topic
https://tools.wmflabs.org/scholia/topic/Q82069695	.*/topic/Q[0-9]*$	most-cited-authors	
https://tools.wmflabs.org/scholia/topic/Q82069695	.*/topic/Q[0-9]*$	recently-published-works	
https://tools.wmflabs.org/scholia/topic/Q82069695	.*/topic/Q[0-9]*$	topCited	
https://tools.wmflabs.org/scholia/topic/Q82069695	.*/topic/Q[0-9]*$	topics	
https://tools.wmflabs.org/scholia/topic/Q82069695	.*/topic/Q[0-9]*$	venues	
https://tools.wmflabs.org/scholia/topic/Q82069695	.*/topic/Q[0-9]*$	authors	
https://tools.wmflabs.org/scholia/topic/Q82069695	.*/topic/Q[0-9]*$	author-score	
https://tools.wmflabs.org/scholia/topic/Q82069695	.*/topic/Q[0-9]*$	iframe #0	Publications per year
https://tools.wmflabs.org/scholia/topic/Q82069695	.*/topic/Q[0-9]*$	iframe #1	Co-author graph
https://tools.wmflabs.org/scholia/topic/Q82069695	.*/topic/Q[0-9]*$	iframe #2	Co-occurring topics graph
https://tools.wmflabs.org/scholia/topic/Q82069695	.*/topic/Q[0-9]*$	iframe #3	Co-occurring topics map
https://tools.wmflabs.org/scholia/topic/Q82069695	.*/topic/Q[0-9]*$	iframe #4	Author score
https://tools.wmflabs.org/scholia/topic/Q82069695	.*/topic/Q[0-9]*$	iframe #5	Map of organizations associated with works about the topic
https://tools.wmflabs.org/scholia/location/Q668	.*/location/Q[0-9]*$	nearby-organizations	
https://tools.wmflabs.org/scholia/topic/Q583725	.*/topic/Q[0-9]*$	most-cited-authors	
https://tools.wmflabs.org/scholia/topic/Q583725	.*/topic/Q[0-9]*$	recently-published-works	
https://tools.wmflabs.org/scholia/topic/Q583725	.*/topic/Q[0-9]*$	topCited	
https://tools.wmflabs.org/scholia/topic/Q583725	.*/topic/Q[0-9]*$	topics	
https://tools.wmflabs.org/scholia/topic/Q583725	.*/topic/Q[0-9]*$	venues	
https://tools.wmflabs.org/scholia/topic/Q583725	.*/topic/Q[0-9]*$	author-score	
https://tools.wmflabs.org/scholia/topic/Q583725	.*/topic/Q[0-9]*$	iframe #2	Co-occurring topics graph
https://tools.wmflabs.org/scholia/topic/Q583725	.*/topic/Q[0-9]*$	iframe #3	Co-occurring topics map
https://tools.wmflabs.org/scholia/topic/Q583725	.*/topic/Q[0-9]*$	iframe #4	Author score
https://tools.wmflabs.org/scholia/topic/Q583725	.*/topic/Q[0-9]*$	iframe #5	Map of organizations associated with works about the topic
https://tools.wmflabs.org/scholia/topic/Q181600	.*/topic/Q[0-9]*$	venues	
https://tools.wmflabs.org/scholia/topic/Q181600	.*/topic/Q[0-9]*$	authors	
https://tools.wmflabs.org/scholia/series/Q924044	.*/series/Q[0-9]*$	in-series	
https://tools.wmflabs.org/scholia/series/Q924044	.*/series/Q[0-9]*$	published-works	
https://tools.wmflabs.org/scholia/series/Q924044	.*/series/Q[0-9]*$	authors	
https://tools.wmflabs.org/scholia/series/Q924044	.*/series/Q[0-9]*$	iframe #0	Topics
https://tools.wmflabs.org/scholia/series/Q924044	.*/series/Q[0-9]*$	iframe #1	Organizations
https://tools.wmflabs.org/scholia/disease/Q84263196	.*/disease/Q[0-9]*$	related-diseases	
https://tools.wmflabs.org/scholia/disease/Q84263196	.*/disease/Q[0-9]*$	clinical-trials	
https://tools.wmflabs.org/scholia/disease/Q84263196	.*/disease/Q[0-9]*$	iframe #0	Publications per year
https://tools.wmflabs.org/scholia/location/Q583725	.*/location/Q[0-9]*$	nearby-organizations	
https://tools.wmflabs.org/scholia/publisher/Q127992	.*/publisher/Q[0-9]*$	mostCited	
https://tools.wmflabs.org/scholia/publisher/Q127992	.*/publisher/Q[0-9]*$	journals	
https://tools.wmflabs.org/scholia/publisher/Q127992	.*/publisher/Q[0-9]*$	iframe #0	Recently established journals
https://tools.wmflabs.org/scholia/publisher/Q127992	.*/publisher/Q[0-9]*$	iframe #1	As function of number of published works
https://tools.wmflabs.org/scholia/organization/Q131626	.*/organization/Q[0-9]*$	recent-citations	
https://tools.wmflabs.org/scholia/organization/Q131626	.*/organization/Q[0-9]*$	awards	
https://tools.wmflabs.org/scholia/organization/Q131626	.*/organization/Q[0-9]*$	gender-distribution	
https://tools.wmflabs.org/scholia/organization/Q131626	.*/organization/Q[0-9]*$	recent-publications	
https://tools.wmflabs.org/scholia/organization/Q131626	.*/organization/Q[0-9]*$	iframe #0	Co-author graph
https://tools.wmflabs.org/scholia/organization/Q131626	.*/organization/Q[0-9]*$	iframe #1	Advisor graph
https://tools.wmflabs.org/scholia/organization/Q131626	.*/organization/Q[0-9]*$	iframe #2	Page production
https://tools.wmflabs.org/scholia/organization/Q131626	.*/organization/Q[0-9]*$	iframe #3	Most cited papers with affiliated first author
https://tools.wmflabs.org/scholia/organization/Q131626	.*/organization/Q[0-9]*$	iframe #4	Co-author-normalized citations per year
https://tools.wmflabs.org/scholia/topic/Q668	.*/topic/Q[0-9]*$	topics	
https://tools.wmflabs.org/scholia/topic/Q668	.*/topic/Q[0-9]*$	venues	
https://tools.wmflabs.org/scholia/topic/Q668	.*/topic/Q[0-9]*$	authors	
https://tools.wmflabs.org/scholia/topic/Q668	.*/topic/Q[0-9]*$	iframe #2	Co-occurring topics graph
https://tools.wmflabs.org/scholia/topic/Q668	.*/topic/Q[0-9]*$	iframe #3	Co-occurring topics map
https://tools.wmflabs.org/scholia/topic/Q668	.*/topic/Q[0-9]*$	iframe #5	Map of organizations associated with works about the topic
