https://scholia.toolforge.org/topic/Q668	.*/topic/Q[0-9]*$	iframe #3	Co-occurring topics graph
https://scholia.toolforge.org/topic/Q12174	.*/topic/Q[0-9]*$	iframe #3	Co-occurring topics graph
https://scholia.toolforge.org/topic/Q12174	.*/topic/Q[0-9]*$	iframe #7	Citation graph of works about the topic, aggregated by country
https://scholia.toolforge.org/topic/Q29496	.*/topic/Q[0-9]*$	iframe #5	Author score
https://scholia.toolforge.org/topic/Q30	.*/topic/Q[0-9]*$	iframe #3	Co-occurring topics graph
https://scholia.toolforge.org/topic/Q111140	.*/topic/Q[0-9]*$	iframe #3	Co-occurring topics graph
https://scholia.toolforge.org/topic/Q111140	.*/topic/Q[0-9]*$	iframe #5	Author score
https://scholia.toolforge.org/author/Q97270	.*/author/Q[0-9]*$	iframe #0	Number of publications per year
https://scholia.toolforge.org/topic/Q41112	.*/topic/Q[0-9]*$	iframe #2	Co-author graph
https://scholia.toolforge.org/topic/Q41112	.*/topic/Q[0-9]*$	iframe #4	Co-occurring topics map
https://scholia.toolforge.org/topic/Q41112	.*/topic/Q[0-9]*$	iframe #7	Citation graph of works about the topic, aggregated by country
https://scholia.toolforge.org/author/Q55004959	.*/author/Q[0-9]*$	iframe #8	Locations
https://scholia.toolforge.org/author/Q55004959	.*/author/Q[0-9]*$	iframe #9	Citations by year
https://scholia.toolforge.org/award/Q35637	.*/award/Q[0-9]*$	iframe #0	Images of recipients
https://scholia.toolforge.org/award/Q35637	.*/award/Q[0-9]*$	iframe #2	Locations of recipients
https://scholia.toolforge.org/author/random	_unknown	iframe #7	Academic tree
https://scholia.toolforge.org/topic/Q12156	.*/topic/Q[0-9]*$	iframe #1	Publications per year
https://scholia.toolforge.org/topic/Q12156	.*/topic/Q[0-9]*$	iframe #3	Co-occurring topics graph
https://scholia.toolforge.org/author/Q46826387	.*/author/Q[0-9]*$	iframe #1	Number of pages per year
https://scholia.toolforge.org/author/Q46826387	.*/author/Q[0-9]*$	iframe #2	Venue statistics
https://scholia.toolforge.org/author/Q46826387	.*/author/Q[0-9]*$	iframe #5	Associated images
https://scholia.toolforge.org/topic/Q1492760	.*/topic/Q[0-9]*$	iframe #0	The topic in context
https://scholia.toolforge.org/topic/Q1492760	.*/topic/Q[0-9]*$	iframe #4	Co-occurring topics map
https://scholia.toolforge.org/topic/Q1492760	.*/topic/Q[0-9]*$	iframe #7	Citation graph of works about the topic, aggregated by country
https://scholia.toolforge.org/organizations/Q1269766,Q193196	_unknown	iframe #0	Works per year
https://scholia.toolforge.org/organizations/Q1269766,Q193196	_unknown	iframe #2	Citations to works ratio
https://scholia.toolforge.org/organizations/Q1269766,Q193196	_unknown	iframe #3	Topics
https://scholia.toolforge.org/author/Q29253985	.*/author/Q[0-9]*$	iframe #2	Venue statistics
https://scholia.toolforge.org/author/Q29253985	.*/author/Q[0-9]*$	iframe #4	Topic scores
https://scholia.toolforge.org/author/Q29253985	.*/author/Q[0-9]*$	iframe #5	Associated images
https://scholia.toolforge.org/author/Q29253985	.*/author/Q[0-9]*$	iframe #8	Locations
https://scholia.toolforge.org/topic/Q15	.*/topic/Q[0-9]*$	iframe #7	Citation graph of works about the topic, aggregated by country
https://scholia.toolforge.org/topic/Q52	.*/topic/Q[0-9]*$	iframe #1	Publications per year
https://scholia.toolforge.org/topic/Q181600	.*/topic/Q[0-9]*$	iframe #0	The topic in context
https://scholia.toolforge.org/work/Q21090025	.*/work/Q[0-9]*$	iframe #0	Topic scores
