https://scholia.toolforge.org/topic/Q111140	.*/topic/Q[0-9]*$	iframe #0	Publications per year
https://scholia.toolforge.org/topic/Q111140	.*/topic/Q[0-9]*$	iframe #1	Co-author graph
https://scholia.toolforge.org/topic/Q111140	.*/topic/Q[0-9]*$	iframe #5	Map of organizations associated with works about the topic
https://scholia.toolforge.org/author/Q46826387	.*/author/Q[0-9]*$	iframe #4	Topic scores
https://scholia.toolforge.org/topic/Q15	.*/topic/Q[0-9]*$	iframe #5	Map of organizations associated with works about the topic
https://scholia.toolforge.org/topic/Q12174	.*/topic/Q[0-9]*$	iframe #0	Publications per year
https://scholia.toolforge.org/topic/Q12174	.*/topic/Q[0-9]*$	iframe #1	Co-author graph
https://scholia.toolforge.org/topic/Q12174	.*/topic/Q[0-9]*$	iframe #2	Co-occurring topics graph
https://scholia.toolforge.org/disease/Q12156	.*/disease/Q[0-9]*$	iframe #0	Publications per year
https://scholia.toolforge.org/organizations/Q1269766,Q193196	_unknown	iframe #3	Topics
https://scholia.toolforge.org/topic/Q29496	.*/topic/Q[0-9]*$	iframe #3	Co-occurring topics map
https://scholia.toolforge.org/topic/Q29496	.*/topic/Q[0-9]*$	iframe #4	Author score
https://scholia.toolforge.org/topic/Q1492760	.*/topic/Q[0-9]*$	iframe #4	Author score
https://scholia.toolforge.org/author/Q55004959	.*/author/Q[0-9]*$	iframe #1	Number of pages per year
https://scholia.toolforge.org/topic/Q12156	.*/topic/Q[0-9]*$	iframe #1	Co-author graph
https://scholia.toolforge.org/topic/Q12156	.*/topic/Q[0-9]*$	iframe #2	Co-occurring topics graph
https://scholia.toolforge.org/topic/Q12156	.*/topic/Q[0-9]*$	iframe #5	Map of organizations associated with works about the topic
https://scholia.toolforge.org/topic/Q180556	.*/topic/Q[0-9]*$	iframe #5	Map of organizations associated with works about the topic
https://scholia.toolforge.org/topic/Q181600	.*/topic/Q[0-9]*$	iframe #2	Co-occurring topics graph
https://scholia.toolforge.org/topic/Q181600	.*/topic/Q[0-9]*$	iframe #3	Co-occurring topics map
https://scholia.toolforge.org/topic/Q668	.*/topic/Q[0-9]*$	iframe #0	Publications per year
https://scholia.toolforge.org/topic/Q668	.*/topic/Q[0-9]*$	iframe #1	Co-author graph
https://scholia.toolforge.org/topic/Q668	.*/topic/Q[0-9]*$	iframe #4	Author score
