https://scholia.toolforge.org/chemical-class/Q41581	.*/chemical-class/Q[0-9]*$	iframe #1	Publications per year
https://scholia.toolforge.org/topic/Q668	.*/topic/Q[0-9]*$	iframe #3	Co-occurring topics graph
https://scholia.toolforge.org/topic/Q12174	.*/topic/Q[0-9]*$	iframe #0	The topic in context
https://scholia.toolforge.org/topic/Q12174	.*/topic/Q[0-9]*$	iframe #1	Publications per year
https://scholia.toolforge.org/topic/Q12174	.*/topic/Q[0-9]*$	iframe #4	Co-occurring topics map
https://scholia.toolforge.org/venue/Q4775205	.*/venue/Q[0-9]*$	iframe #0	Author images
https://scholia.toolforge.org/topic/Q29496	.*/topic/Q[0-9]*$	iframe #7	Citation graph of works about the topic, aggregated by country
https://scholia.toolforge.org/topic/Q30	.*/topic/Q[0-9]*$	iframe #0	The topic in context
https://scholia.toolforge.org/topic/Q111140	.*/topic/Q[0-9]*$	iframe #3	Co-occurring topics graph
https://scholia.toolforge.org/topic/Q111140	.*/topic/Q[0-9]*$	iframe #5	Author score
https://scholia.toolforge.org/author/Q97270	.*/author/Q[0-9]*$	iframe #0	Number of publications per year
https://scholia.toolforge.org/author/Q97270	.*/author/Q[0-9]*$	iframe #2	Venue statistics
https://scholia.toolforge.org/topic/Q41112	.*/topic/Q[0-9]*$	iframe #2	Co-author graph
https://scholia.toolforge.org/topic/Q41112	.*/topic/Q[0-9]*$	iframe #3	Co-occurring topics graph
https://scholia.toolforge.org/organization/Q583725	.*/organization/Q[0-9]*$	iframe #0	Co-author graph
https://scholia.toolforge.org/organization/Q583725	.*/organization/Q[0-9]*$	iframe #3	Most cited papers with affiliated first author
https://scholia.toolforge.org/topic/Q82069695	.*/topic/Q[0-9]*$	iframe #1	Publications per year
https://scholia.toolforge.org/topic/Q12156	.*/topic/Q[0-9]*$	iframe #0	The topic in context
https://scholia.toolforge.org/topic/Q12156	.*/topic/Q[0-9]*$	iframe #3	Co-occurring topics graph
https://scholia.toolforge.org/topic/Q12156	.*/topic/Q[0-9]*$	iframe #6	Map of organizations associated with works about the topic
https://scholia.toolforge.org/topic/Q583725	.*/topic/Q[0-9]*$	iframe #0	The topic in context
https://scholia.toolforge.org/topic/Q84263196	.*/topic/Q[0-9]*$	iframe #4	Co-occurring topics map
https://scholia.toolforge.org/topic/Q1492760	.*/topic/Q[0-9]*$	iframe #1	Publications per year
https://scholia.toolforge.org/topic/Q1492760	.*/topic/Q[0-9]*$	iframe #2	Co-author graph
https://scholia.toolforge.org/topic/Q1492760	.*/topic/Q[0-9]*$	iframe #3	Co-occurring topics graph
https://scholia.toolforge.org/topic/Q1492760	.*/topic/Q[0-9]*$	iframe #7	Citation graph of works about the topic, aggregated by country
https://scholia.toolforge.org/topic/Q15	.*/topic/Q[0-9]*$	iframe #7	Citation graph of works about the topic, aggregated by country
https://scholia.toolforge.org/topic/Q52	.*/topic/Q[0-9]*$	iframe #1	Publications per year
https://scholia.toolforge.org/topic/Q52	.*/topic/Q[0-9]*$	iframe #2	Co-author graph
https://scholia.toolforge.org/topic/Q181600	.*/topic/Q[0-9]*$	iframe #3	Co-occurring topics graph
