https://scholia.toolforge.org/topic/Q668	.*/topic/Q[0-9]*$	iframe #0	The topic in context
https://scholia.toolforge.org/topic/Q668	.*/topic/Q[0-9]*$	iframe #2	Co-author graph
https://scholia.toolforge.org/topic/Q668	.*/topic/Q[0-9]*$	iframe #6	Map of organizations associated with works about the topic
https://scholia.toolforge.org/topic/Q668	.*/topic/Q[0-9]*$	iframe #7	Citation graph of works about the topic, aggregated by country
https://scholia.toolforge.org/catalogue/Q42661788	.*/catalogue/Q[0-9]*$	iframe #0	Images
https://scholia.toolforge.org/topic/Q12174	.*/topic/Q[0-9]*$	iframe #2	Co-author graph
https://scholia.toolforge.org/organization/Q131626	.*/organization/Q[0-9]*$	iframe #1	Advisor graph
https://scholia.toolforge.org/topic/Q29496	.*/topic/Q[0-9]*$	iframe #0	The topic in context
https://scholia.toolforge.org/topic/Q29496	.*/topic/Q[0-9]*$	iframe #3	Co-occurring topics graph
https://scholia.toolforge.org/topic/Q29496	.*/topic/Q[0-9]*$	iframe #4	Co-occurring topics map
https://scholia.toolforge.org/topic/Q29496	.*/topic/Q[0-9]*$	iframe #5	Author score
https://scholia.toolforge.org/topic/Q29496	.*/topic/Q[0-9]*$	iframe #6	Map of organizations associated with works about the topic
https://scholia.toolforge.org/topic/Q30	.*/topic/Q[0-9]*$	iframe #5	Author score
https://scholia.toolforge.org/topic/Q111140	.*/topic/Q[0-9]*$	iframe #4	Co-occurring topics map
https://scholia.toolforge.org/author/Q97270	.*/author/Q[0-9]*$	iframe #7	Academic tree
https://scholia.toolforge.org/author/Q55004959	.*/author/Q[0-9]*$	iframe #7	Academic tree
https://scholia.toolforge.org/author/Q55004959	.*/author/Q[0-9]*$	iframe #8	Locations
https://scholia.toolforge.org/topic/Q82069695	.*/topic/Q[0-9]*$	iframe #4	Co-occurring topics map
https://scholia.toolforge.org/project/Q27990087	.*/project/Q[0-9]*$	iframe #0	Project Partners
https://scholia.toolforge.org/topic/Q12156	.*/topic/Q[0-9]*$	iframe #2	Co-author graph
https://scholia.toolforge.org/topic/Q12156	.*/topic/Q[0-9]*$	iframe #4	Co-occurring topics map
https://scholia.toolforge.org/topic/Q12156	.*/topic/Q[0-9]*$	iframe #7	Citation graph of works about the topic, aggregated by country
https://scholia.toolforge.org/author/Q46826387	.*/author/Q[0-9]*$	iframe #2	Venue statistics
https://scholia.toolforge.org/author/Q46826387	.*/author/Q[0-9]*$	iframe #3	Co-author graph
https://scholia.toolforge.org/author/Q46826387	.*/author/Q[0-9]*$	iframe #5	Associated images
https://scholia.toolforge.org/author/Q46826387	.*/author/Q[0-9]*$	iframe #6	Timeline
https://scholia.toolforge.org/author/Q46826387	.*/author/Q[0-9]*$	iframe #8	Locations
https://scholia.toolforge.org/topic/Q84263196	.*/topic/Q[0-9]*$	iframe #5	Author score
https://scholia.toolforge.org/organizations/Q1269766,Q193196	_unknown	iframe #1	Citations per year
https://scholia.toolforge.org/organizations/Q1269766,Q193196	_unknown	iframe #2	Citations to works ratio
https://scholia.toolforge.org/author/Q29253985	.*/author/Q[0-9]*$	iframe #2	Venue statistics
https://scholia.toolforge.org/author/Q29253985	.*/author/Q[0-9]*$	iframe #6	Timeline
https://scholia.toolforge.org/author/Q29253985	.*/author/Q[0-9]*$	iframe #7	Academic tree
https://scholia.toolforge.org/author/Q29253985	.*/author/Q[0-9]*$	iframe #9	Citations by year
https://scholia.toolforge.org/topic/Q15	.*/topic/Q[0-9]*$	iframe #1	Publications per year
https://scholia.toolforge.org/topic/Q15	.*/topic/Q[0-9]*$	iframe #5	Author score
https://scholia.toolforge.org/topic/Q52	.*/topic/Q[0-9]*$	iframe #0	The topic in context
https://scholia.toolforge.org/topic/Q181600	.*/topic/Q[0-9]*$	iframe #0	The topic in context
https://scholia.toolforge.org/topic/Q181600	.*/topic/Q[0-9]*$	iframe #7	Citation graph of works about the topic, aggregated by country
https://scholia.toolforge.org/topic/Q180556	.*/topic/Q[0-9]*$	iframe #2	Co-author graph
https://scholia.toolforge.org/topic/Q180556	.*/topic/Q[0-9]*$	iframe #3	Co-occurring topics graph
https://scholia.toolforge.org/topic/Q180556	.*/topic/Q[0-9]*$	iframe #4	Co-occurring topics map
https://scholia.toolforge.org/topic/Q180556	.*/topic/Q[0-9]*$	iframe #7	Citation graph of works about the topic, aggregated by country
