https://scholia.toolforge.org/topic/Q668	.*/topic/Q[0-9]*$	iframe #2	Co-occurring topics graph
https://scholia.toolforge.org/catalogue/Q42661788	.*/catalogue/Q[0-9]*$	iframe #0	Images
https://scholia.toolforge.org/venue/Q4775205	.*/venue/Q[0-9]*$	iframe #0	Author images
https://scholia.toolforge.org/topic/Q29496	.*/topic/Q[0-9]*$	iframe #0	Publications per year
https://scholia.toolforge.org/topic/Q29496	.*/topic/Q[0-9]*$	iframe #3	Co-occurring topics map
https://scholia.toolforge.org/topic/Q30	.*/topic/Q[0-9]*$	iframe #2	Co-occurring topics graph
https://scholia.toolforge.org/topic/Q111140	.*/topic/Q[0-9]*$	iframe #2	Co-occurring topics graph
https://scholia.toolforge.org/topic/Q111140	.*/topic/Q[0-9]*$	iframe #3	Co-occurring topics map
https://scholia.toolforge.org/topic/Q41112	.*/topic/Q[0-9]*$	iframe #1	Co-author graph
https://scholia.toolforge.org/organization/Q583725	.*/organization/Q[0-9]*$	iframe #0	Co-author graph
https://scholia.toolforge.org/organization/Q583725	.*/organization/Q[0-9]*$	iframe #1	Advisor graph
https://scholia.toolforge.org/topic/Q12156	.*/topic/Q[0-9]*$	iframe #3	Co-occurring topics map
https://scholia.toolforge.org/topic/Q12156	.*/topic/Q[0-9]*$	iframe #4	Author score
https://scholia.toolforge.org/topic/Q583725	.*/topic/Q[0-9]*$	iframe #1	Co-author graph
https://scholia.toolforge.org/author/Q29253985	.*/author/Q[0-9]*$	iframe #2	Venue statistics
https://scholia.toolforge.org/topic/Q52	.*/topic/Q[0-9]*$	iframe #2	Co-occurring topics graph
https://scholia.toolforge.org/topic/Q181600	.*/topic/Q[0-9]*$	iframe #2	Co-occurring topics graph
https://scholia.toolforge.org/topic/Q181600	.*/topic/Q[0-9]*$	iframe #3	Co-occurring topics map
https://scholia.toolforge.org/topic/Q181600	.*/topic/Q[0-9]*$	iframe #5	Map of organizations associated with works about the topic
https://scholia.toolforge.org/topic/Q180556	.*/topic/Q[0-9]*$	iframe #2	Co-occurring topics graph
