https://scholia.toolforge.org/topic/Q668	.*/topic/Q[0-9]*$	topics		-1	success
https://scholia.toolforge.org/topic/Q668	.*/topic/Q[0-9]*$	venues		-1	success
https://scholia.toolforge.org/country/Q668/topic/Q10737	.*/topic/Q[0-9]*$	authors		-1	success
https://scholia.toolforge.org/gene/Q18030793	.*/gene/Q[0-9]*$	transcripts		-1	success
https://scholia.toolforge.org/gene/Q18030793	.*/gene/Q[0-9]*$	proteins		-1	success
https://scholia.toolforge.org/gene/Q18030793	.*/gene/Q[0-9]*$	variants		-1	success
https://scholia.toolforge.org/gene/Q18030793	.*/gene/Q[0-9]*$	orthologs		-1	success
https://scholia.toolforge.org/topic/Q64	.*/topic/Q[0-9]*$	most-cited-authors		-1	success
https://scholia.toolforge.org/topic/Q64	.*/topic/Q[0-9]*$	recently-published-works		-1	success
https://scholia.toolforge.org/topic/Q64	.*/topic/Q[0-9]*$	topics		-1	success
https://scholia.toolforge.org/topic/Q64	.*/topic/Q[0-9]*$	venues		-1	success
https://scholia.toolforge.org/topic/Q64	.*/topic/Q[0-9]*$	authors		-1	success
https://scholia.toolforge.org/topic/Q64	.*/topic/Q[0-9]*$	author-score		-1	success
https://scholia.toolforge.org/location/Q668	.*/location/Q[0-9]*$	nearby-organizations		-1	success
https://scholia.toolforge.org/topic/Q12174	.*/topic/Q[0-9]*$	topics		-1	success
https://scholia.toolforge.org/organization/Q131626	.*/organization/Q[0-9]*$	awards		-1	success
https://scholia.toolforge.org/organization/Q131626	.*/organization/Q[0-9]*$	gender-distribution		-1	success
https://scholia.toolforge.org/location/Q5465	.*/location/Q[0-9]*$	nearby-organizations		-1	success
https://scholia.toolforge.org/venue/Q4775205	.*/venue/Q[0-9]*$	cited-venues		-1	success
https://scholia.toolforge.org/venue/Q4775205	.*/venue/Q[0-9]*$	most-cited-authors		-1	success
https://scholia.toolforge.org/venue/Q4775205	.*/venue/Q[0-9]*$	author-awards		-1	success
https://scholia.toolforge.org/venue/Q4775205	.*/venue/Q[0-9]*$	recently-published-works		-1	success
https://scholia.toolforge.org/venue/Q4775205	.*/venue/Q[0-9]*$	prolific-authors		-1	success
https://scholia.toolforge.org/venue/Q4775205	.*/venue/Q[0-9]*$	most-cited-works		-1	success
https://scholia.toolforge.org/venue/Q4775205	.*/venue/Q[0-9]*$	topics		-1	success
https://scholia.toolforge.org/venue/Q4775205	.*/venue/Q[0-9]*$	authorships-gender-distribution		-1	success
https://scholia.toolforge.org/venue/Q4775205	.*/venue/Q[0-9]*$	gender-distribution		-1	success
https://scholia.toolforge.org/venue/Q4775205	.*/venue/Q[0-9]*$	citing-venues		-1	success
https://scholia.toolforge.org/location/Q583725	.*/location/Q[0-9]*$	nearby-organizations		-1	success
https://scholia.toolforge.org/topic/Q29496	.*/topic/Q[0-9]*$	topics		-1	success
https://scholia.toolforge.org/topic/Q29496	.*/topic/Q[0-9]*$	authors		-1	success
https://scholia.toolforge.org/topic/Q29496	.*/topic/Q[0-9]*$	author-score		-1	success
https://scholia.toolforge.org/use/Q5140318	.*/use/Q[0-9]*$	recent-work-using-the-used		-1	success
https://scholia.toolforge.org/pathway/Q30225516	.*/pathway/Q[0-9]*$	citingArticles		-1	success
https://scholia.toolforge.org/pathway/Q30225516	.*/pathway/Q[0-9]*$	recentArticles		-1	success
https://scholia.toolforge.org/pathway/Q30225516	.*/pathway/Q[0-9]*$	participants		-1	success
https://scholia.toolforge.org/topic/Q30	.*/topic/Q[0-9]*$	topics		-1	success
https://scholia.toolforge.org/topic/Q30	.*/topic/Q[0-9]*$	venues		-1	success
https://scholia.toolforge.org/topic/Q30	.*/topic/Q[0-9]*$	authors		-1	success
https://scholia.toolforge.org/taxon/Q15978631	.*/taxon/Q[0-9]*$	genome		-1	success
https://scholia.toolforge.org/taxon/Q15978631	.*/taxon/Q[0-9]*$	metabolome		-1	success
https://scholia.toolforge.org/taxon/Q15978631	.*/taxon/Q[0-9]*$	parents		-1	success
https://scholia.toolforge.org/topic/Q111140	.*/topic/Q[0-9]*$	topics		-1	success
https://scholia.toolforge.org/topic/Q111140	.*/topic/Q[0-9]*$	authors		-1	success
https://scholia.toolforge.org/taxon/Q82069695	.*/taxon/Q[0-9]*$	genome		-1	success
https://scholia.toolforge.org/taxon/Q82069695	.*/taxon/Q[0-9]*$	metabolome		-1	success
https://scholia.toolforge.org/taxon/Q82069695	.*/taxon/Q[0-9]*$	parents		-1	success
https://scholia.toolforge.org/sponsor/Q4314967	.*/sponsor/Q[0-9]*$	co-sponsors		-1	success
https://scholia.toolforge.org/sponsor/Q4314967	.*/sponsor/Q[0-9]*$	recently-published-sponsored-work		-1	success
https://scholia.toolforge.org/sponsor/Q4314967	.*/sponsor/Q[0-9]*$	authors-on-sponsored-work		-1	success
https://scholia.toolforge.org/location/Q30	.*/location/Q[0-9]*$	nearby-organizations		-1	success
https://scholia.toolforge.org/author/Q97270	.*/author/Q[0-9]*$	venue-statistics		-1	success
https://scholia.toolforge.org/author/Q97270	.*/author/Q[0-9]*$	most-cited-works		-1	success
https://scholia.toolforge.org/author/Q97270	.*/author/Q[0-9]*$	topics		-1	success
https://scholia.toolforge.org/author/Q97270	.*/author/Q[0-9]*$	citing-authors		-1	success
https://scholia.toolforge.org/author/Q97270	.*/author/Q[0-9]*$	events		-1	success
https://scholia.toolforge.org/author/Q583725	.*/author/Q[0-9]*$	venue-statistics		-1	success
https://scholia.toolforge.org/author/Q583725	.*/author/Q[0-9]*$	most-cited-works		-1	success
https://scholia.toolforge.org/author/Q583725	.*/author/Q[0-9]*$	topics		-1	success
https://scholia.toolforge.org/author/Q583725	.*/author/Q[0-9]*$	citing-authors		-1	success
https://scholia.toolforge.org/author/Q583725	.*/author/Q[0-9]*$	events		-1	success
https://scholia.toolforge.org/topic/Q41112	.*/topic/Q[0-9]*$	topics		-1	success
https://scholia.toolforge.org/topic/Q41112	.*/topic/Q[0-9]*$	venues		-1	success
https://scholia.toolforge.org/topic/Q41112	.*/topic/Q[0-9]*$	authors		-1	success
https://scholia.toolforge.org/clinical-trial/	.*/clinical-trial/	interventions		-1	success
https://scholia.toolforge.org/clinical-trial/	.*/clinical-trial/	recent-clinical-trials		-1	success
https://scholia.toolforge.org/clinical-trial/	.*/clinical-trial/	medical-conditions		-1	success
https://scholia.toolforge.org/clinical-trial/	.*/clinical-trial/	statistics		-1	success
https://scholia.toolforge.org/author/Q55004959	.*/author/Q[0-9]*$	venue-statistics		-1	success
https://scholia.toolforge.org/author/Q55004959	.*/author/Q[0-9]*$	most-cited-works		-1	success
https://scholia.toolforge.org/author/Q55004959	.*/author/Q[0-9]*$	topics		-1	success
https://scholia.toolforge.org/author/Q55004959	.*/author/Q[0-9]*$	citing-authors		-1	success
https://scholia.toolforge.org/author/Q55004959	.*/author/Q[0-9]*$	events		-1	success
https://scholia.toolforge.org/organization/Q583725	.*/organization/Q[0-9]*$	awards		-1	success
https://scholia.toolforge.org/organization/Q583725	.*/organization/Q[0-9]*$	gender-distribution		-1	success
https://scholia.toolforge.org/organization/Q583725	.*/organization/Q[0-9]*$	recent-publications		-1	success
https://scholia.toolforge.org/series/Q924044	.*/series/Q[0-9]*$	in-series		-1	success
https://scholia.toolforge.org/series/Q924044	.*/series/Q[0-9]*$	published-works		-1	success
https://scholia.toolforge.org/series/Q924044	.*/series/Q[0-9]*$	authors		-1	success
https://scholia.toolforge.org/publisher/Q583725	.*/publisher/Q[0-9]*$	mostCited		-1	success
https://scholia.toolforge.org/publisher/Q583725	.*/publisher/Q[0-9]*$	journals		-1	success
https://scholia.toolforge.org/award/Q35637	.*/award/Q[0-9]*$	co-awards		-1	success
https://scholia.toolforge.org/award/Q35637	.*/award/Q[0-9]*$	gender-distribution		-1	success
https://scholia.toolforge.org/award/Q35637	.*/award/Q[0-9]*$	list-of-recipients		-1	success
https://scholia.toolforge.org/disease/Q12156	.*/disease/Q[0-9]*$	related-diseases		-1	success
https://scholia.toolforge.org/disease/Q12156	.*/disease/Q[0-9]*$	clinical-trials		-1	success
https://scholia.toolforge.org/event-series/	.*/event-series/	event-series		-1	success
https://scholia.toolforge.org/topic/Q82069695	.*/topic/Q[0-9]*$	most-cited-authors		-1	success
https://scholia.toolforge.org/topic/Q82069695	.*/topic/Q[0-9]*$	recently-published-works		-1	success
https://scholia.toolforge.org/topic/Q82069695	.*/topic/Q[0-9]*$	topCited		-1	success
https://scholia.toolforge.org/topic/Q82069695	.*/topic/Q[0-9]*$	topics		-1	success
https://scholia.toolforge.org/topic/Q82069695	.*/topic/Q[0-9]*$	venues		-1	success
https://scholia.toolforge.org/topic/Q82069695	.*/topic/Q[0-9]*$	authors		-1	success
https://scholia.toolforge.org/topic/Q82069695	.*/topic/Q[0-9]*$	author-score		-1	success
https://scholia.toolforge.org/project/Q27990087	.*/project/Q[0-9]*$	prolific-authors		-1	success
https://scholia.toolforge.org/project/Q27990087	.*/project/Q[0-9]*$	recentArticles		-1	success
https://scholia.toolforge.org/disease/Q41112	.*/disease/Q[0-9]*$	related-diseases		-1	success
https://scholia.toolforge.org/disease/Q41112	.*/disease/Q[0-9]*$	clinical-trials		-1	success
https://scholia.toolforge.org/topic/Q12156	.*/topic/Q[0-9]*$	venues		-1	success
https://scholia.toolforge.org/topic/Q12156	.*/topic/Q[0-9]*$	authors		-1	success
https://scholia.toolforge.org/topic/Q12156	.*/topic/Q[0-9]*$	author-score		-1	success
https://scholia.toolforge.org/author/Q46826387	.*/author/Q[0-9]*$	venue-statistics		-1	success
https://scholia.toolforge.org/author/Q46826387	.*/author/Q[0-9]*$	most-cited-works		-1	success
https://scholia.toolforge.org/author/Q46826387	.*/author/Q[0-9]*$	topics		-1	success
https://scholia.toolforge.org/author/Q46826387	.*/author/Q[0-9]*$	events		-1	success
https://scholia.toolforge.org/topic/Q583725	.*/topic/Q[0-9]*$	most-cited-authors		-1	success
https://scholia.toolforge.org/topic/Q583725	.*/topic/Q[0-9]*$	topCited		-1	success
https://scholia.toolforge.org/topic/Q583725	.*/topic/Q[0-9]*$	topics		-1	success
https://scholia.toolforge.org/topic/Q583725	.*/topic/Q[0-9]*$	venues		-1	success
https://scholia.toolforge.org/topic/Q583725	.*/topic/Q[0-9]*$	authors		-1	success
https://scholia.toolforge.org/topic/Q583725	.*/topic/Q[0-9]*$	author-score		-1	success
https://scholia.toolforge.org/sponsor/Q583725	.*/sponsor/Q[0-9]*$	co-sponsors		-1	success
https://scholia.toolforge.org/sponsor/Q583725	.*/sponsor/Q[0-9]*$	recently-published-sponsored-work		-1	success
https://scholia.toolforge.org/sponsor/Q583725	.*/sponsor/Q[0-9]*$	authors-on-sponsored-work		-1	success
https://scholia.toolforge.org/chemical/Q2270	.*/chemical/Q[0-9]*$	related		-1	success
https://scholia.toolforge.org/chemical/Q2270	.*/chemical/Q[0-9]*$	identifiers		-1	success
https://scholia.toolforge.org/chemical/Q2270	.*/chemical/Q[0-9]*$	recentArticles		-1	success
https://scholia.toolforge.org/chemical/Q2270	.*/chemical/Q[0-9]*$	structures		-1	success
https://scholia.toolforge.org/chemical/Q2270	.*/chemical/Q[0-9]*$	properties		-1	success
https://scholia.toolforge.org/topic/Q84263196	.*/topic/Q[0-9]*$	most-cited-authors		-1	success
https://scholia.toolforge.org/topic/Q84263196	.*/topic/Q[0-9]*$	topCited		-1	success
https://scholia.toolforge.org/topic/Q84263196	.*/topic/Q[0-9]*$	topics		-1	success
https://scholia.toolforge.org/topic/Q84263196	.*/topic/Q[0-9]*$	venues		-1	success
https://scholia.toolforge.org/topic/Q84263196	.*/topic/Q[0-9]*$	author-score		-1	success
https://scholia.toolforge.org/disease/Q84263196	.*/disease/Q[0-9]*$	related-diseases		-1	success
https://scholia.toolforge.org/disease/Q84263196	.*/disease/Q[0-9]*$	clinical-trials		-1	success
https://scholia.toolforge.org/topic/Q1492760	.*/topic/Q[0-9]*$	topics		-1	success
https://scholia.toolforge.org/topic/Q1492760	.*/topic/Q[0-9]*$	venues		-1	success
https://scholia.toolforge.org/topic/Q81068910	.*/topic/Q[0-9]*$	most-cited-authors		-1	success
https://scholia.toolforge.org/topic/Q81068910	.*/topic/Q[0-9]*$	topCited		-1	success
https://scholia.toolforge.org/topic/Q81068910	.*/topic/Q[0-9]*$	topics		-1	success
https://scholia.toolforge.org/topic/Q81068910	.*/topic/Q[0-9]*$	venues		-1	success
https://scholia.toolforge.org/topic/Q81068910	.*/topic/Q[0-9]*$	authors		-1	success
https://scholia.toolforge.org/topic/Q81068910	.*/topic/Q[0-9]*$	author-score		-1	success
https://scholia.toolforge.org/chemical-element/Q623	.*/chemical-element/Q[0-9]*$	isotopes		-1	success
https://scholia.toolforge.org/chemical-element/Q623	.*/chemical-element/Q[0-9]*$	allotropes		-1	success
https://scholia.toolforge.org/topic/Q532	.*/topic/Q[0-9]*$	author-score		-1	success
https://scholia.toolforge.org/author/Q29253985	.*/author/Q[0-9]*$	venue-statistics		-1	success
https://scholia.toolforge.org/author/Q29253985	.*/author/Q[0-9]*$	most-cited-works		-1	success
https://scholia.toolforge.org/author/Q29253985	.*/author/Q[0-9]*$	topics		-1	success
https://scholia.toolforge.org/author/Q29253985	.*/author/Q[0-9]*$	citing-authors		-1	success
https://scholia.toolforge.org/author/Q29253985	.*/author/Q[0-9]*$	events		-1	success
https://scholia.toolforge.org/topic/Q15	.*/topic/Q[0-9]*$	topics		-1	success
https://scholia.toolforge.org/topic/Q15	.*/topic/Q[0-9]*$	venues		-1	success
https://scholia.toolforge.org/topic/Q15	.*/topic/Q[0-9]*$	author-score		-1	success
https://scholia.toolforge.org/topic/Q52	.*/topic/Q[0-9]*$	most-cited-authors		-1	success
https://scholia.toolforge.org/topic/Q52	.*/topic/Q[0-9]*$	recently-published-works		-1	success
https://scholia.toolforge.org/topic/Q52	.*/topic/Q[0-9]*$	topCited		-1	success
https://scholia.toolforge.org/topic/Q52	.*/topic/Q[0-9]*$	topics		-1	success
https://scholia.toolforge.org/topic/Q52	.*/topic/Q[0-9]*$	venues		-1	success
https://scholia.toolforge.org/topic/Q52	.*/topic/Q[0-9]*$	authors		-1	success
https://scholia.toolforge.org/topic/Q52	.*/topic/Q[0-9]*$	author-score		-1	success
https://scholia.toolforge.org/publisher/Q127992	.*/publisher/Q[0-9]*$	mostCited		-1	success
https://scholia.toolforge.org/publisher/Q127992	.*/publisher/Q[0-9]*$	journals		-1	success
https://scholia.toolforge.org/event/	.*/event/	future-events		-1	success
https://scholia.toolforge.org/event/	.*/event/	past-events		-1	success
https://scholia.toolforge.org/event/	.*/event/	coming-deadlines		-1	success
https://scholia.toolforge.org/topic/Q181600	.*/topic/Q[0-9]*$	topics		-1	success
https://scholia.toolforge.org/topic/Q181600	.*/topic/Q[0-9]*$	venues		-1	success
https://scholia.toolforge.org/work/Q21090025	.*/work/Q[0-9]*$	related-works		-1	success
https://scholia.toolforge.org/work/Q21090025	.*/work/Q[0-9]*$	cited-works		-1	success
https://scholia.toolforge.org/work/Q21090025	.*/work/Q[0-9]*$	statements		-1	success
https://scholia.toolforge.org/work/Q21090025	.*/work/Q[0-9]*$	list-of-authors		-1	success
https://scholia.toolforge.org/work/Q21090025	.*/work/Q[0-9]*$	citations-to-the-work		-1	success
https://scholia.toolforge.org/topic/Q180556	.*/topic/Q[0-9]*$	recently-published-works		-1	success
https://scholia.toolforge.org/topic/Q180556	.*/topic/Q[0-9]*$	topics		-1	success
https://scholia.toolforge.org/topic/Q180556	.*/topic/Q[0-9]*$	venues		-1	success
https://scholia.toolforge.org/topic/Q180556	.*/topic/Q[0-9]*$	authors		-1	success
https://scholia.toolforge.org/topic/Q180556	.*/topic/Q[0-9]*$	author-score		-1	success
