https://scholia.toolforge.org/country/Q668/topic/Q10737	.*/topic/Q[0-9]*$	iframe #0	Co-author graph
https://scholia.toolforge.org/country/Q668/topic/Q10737	.*/topic/Q[0-9]*$	iframe #1	Co-citation graph
https://scholia.toolforge.org/topic/Q12174	.*/topic/Q[0-9]*$	iframe #1	Co-author graph
https://scholia.toolforge.org/topic/Q12174	.*/topic/Q[0-9]*$	iframe #2	Co-occurring topics graph
https://scholia.toolforge.org/topic/Q12174	.*/topic/Q[0-9]*$	iframe #5	Map of organizations associated with works about the topic
https://scholia.toolforge.org/use/Q5140318	.*/use/Q[0-9]*$	iframe #1	Authors of works using the resource
https://scholia.toolforge.org/use/Q5140318	.*/use/Q[0-9]*$	iframe #2	Usage over time
https://scholia.toolforge.org/topic/Q30	.*/topic/Q[0-9]*$	iframe #5	Map of organizations associated with works about the topic
https://scholia.toolforge.org/topic/Q111140	.*/topic/Q[0-9]*$	iframe #3	Co-occurring topics map
https://scholia.toolforge.org/author/Q97270	.*/author/Q[0-9]*$	iframe #1	Number of pages per year
https://scholia.toolforge.org/author/Q55004959	.*/author/Q[0-9]*$	iframe #8	Locations
https://scholia.toolforge.org/organization/Q583725	.*/organization/Q[0-9]*$	iframe #1	Advisor graph
https://scholia.toolforge.org/organization/Q583725	.*/organization/Q[0-9]*$	iframe #2	Page production
https://scholia.toolforge.org/topic/Q12156	.*/topic/Q[0-9]*$	iframe #3	Co-occurring topics map
https://scholia.toolforge.org/author/Q46826387	.*/author/Q[0-9]*$	iframe #5	Associated images
https://scholia.toolforge.org/author/Q46826387	.*/author/Q[0-9]*$	iframe #7	Academic tree
https://scholia.toolforge.org/author/Q46826387	.*/author/Q[0-9]*$	iframe #8	Locations
https://scholia.toolforge.org/topic/Q583725	.*/topic/Q[0-9]*$	iframe #0	Publications per year
https://scholia.toolforge.org/author/Q29253985	.*/author/Q[0-9]*$	iframe #1	Number of pages per year
https://scholia.toolforge.org/author/Q29253985	.*/author/Q[0-9]*$	iframe #2	Venue statistics
https://scholia.toolforge.org/author/Q29253985	.*/author/Q[0-9]*$	iframe #5	Associated images
https://scholia.toolforge.org/topic/Q52	.*/topic/Q[0-9]*$	iframe #1	Co-author graph
https://scholia.toolforge.org/topic/Q181600	.*/topic/Q[0-9]*$	iframe #4	Author score
https://scholia.toolforge.org/topic/Q180556	.*/topic/Q[0-9]*$	iframe #1	Co-author graph
https://scholia.toolforge.org/topic/Q180556	.*/topic/Q[0-9]*$	iframe #2	Co-occurring topics graph
