https://scholia.toolforge.org/topic/Q12174	.*/topic/Q[0-9]*$	iframe #5	Map of organizations associated with works about the topic
https://scholia.toolforge.org/organization/Q131626	.*/organization/Q[0-9]*$	iframe #3	Most cited papers with affiliated first author
https://scholia.toolforge.org/organization/Q131626	.*/organization/Q[0-9]*$	iframe #4	Co-author-normalized citations per year
https://scholia.toolforge.org/topic/Q29496	.*/topic/Q[0-9]*$	iframe #3	Co-occurring topics map
https://scholia.toolforge.org/topic/Q29496	.*/topic/Q[0-9]*$	iframe #4	Author score
https://scholia.toolforge.org/topic/Q30	.*/topic/Q[0-9]*$	iframe #1	Co-author graph
https://scholia.toolforge.org/topic/Q30	.*/topic/Q[0-9]*$	iframe #4	Author score
https://scholia.toolforge.org/country/Q35	.*/country/Q[0-9]*$	iframe #1	Narrative locations
https://scholia.toolforge.org/topic/Q41112	.*/topic/Q[0-9]*$	iframe #3	Co-occurring topics map
https://scholia.toolforge.org/topic/Q41112	.*/topic/Q[0-9]*$	iframe #5	Map of organizations associated with works about the topic
https://scholia.toolforge.org/author/Q55004959	.*/author/Q[0-9]*$	iframe #5	Associated images
https://scholia.toolforge.org/author/Q55004959	.*/author/Q[0-9]*$	iframe #7	Academic tree
https://scholia.toolforge.org/author/Q55004959	.*/author/Q[0-9]*$	iframe #9	Citations by year
https://scholia.toolforge.org/topic/Q12156	.*/topic/Q[0-9]*$	iframe #2	Co-occurring topics graph
https://scholia.toolforge.org/topic/Q12156	.*/topic/Q[0-9]*$	iframe #4	Author score
https://scholia.toolforge.org/topic/Q84263196	.*/topic/Q[0-9]*$	iframe #2	Co-occurring topics graph
https://scholia.toolforge.org/topic/Q1492760	.*/topic/Q[0-9]*$	iframe #2	Co-occurring topics graph
https://scholia.toolforge.org/topic/Q81068910	.*/topic/Q[0-9]*$	iframe #4	Author score
https://scholia.toolforge.org/organizations/Q1269766,Q193196	_unknown	iframe #0	Works per year
https://scholia.toolforge.org/organizations/Q1269766,Q193196	_unknown	iframe #1	Citations per year
https://scholia.toolforge.org/author/Q29253985	.*/author/Q[0-9]*$	iframe #9	Citations by year
https://scholia.toolforge.org/topic/Q52	.*/topic/Q[0-9]*$	iframe #0	Publications per year
https://scholia.toolforge.org/topic/Q52	.*/topic/Q[0-9]*$	iframe #3	Co-occurring topics map
https://scholia.toolforge.org/topic/Q181600	.*/topic/Q[0-9]*$	iframe #2	Co-occurring topics graph
https://scholia.toolforge.org/topic/Q180556	.*/topic/Q[0-9]*$	iframe #1	Co-author graph
https://scholia.toolforge.org/topic/Q180556	.*/topic/Q[0-9]*$	iframe #3	Co-occurring topics map
