https://scholia.toolforge.org/author/Q46826387	.*/author/Q[0-9]*$	iframe #3	Co-author graph
https://scholia.toolforge.org/author/Q46826387	.*/author/Q[0-9]*$	iframe #7	Academic tree
https://scholia.toolforge.org/topic/Q52	.*/topic/Q[0-9]*$	iframe #0	Publications per year
https://scholia.toolforge.org/topic/Q12174	.*/topic/Q[0-9]*$	iframe #3	Co-occurring topics map
https://scholia.toolforge.org/topic/Q41112	.*/topic/Q[0-9]*$	iframe #2	Co-occurring topics graph
https://scholia.toolforge.org/topic/Q41112	.*/topic/Q[0-9]*$	iframe #3	Co-occurring topics map
https://scholia.toolforge.org/topic/Q41112	.*/topic/Q[0-9]*$	iframe #5	Map of organizations associated with works about the topic
https://scholia.toolforge.org/organizations/Q1269766,Q193196	_unknown	iframe #1	Citations per year
https://scholia.toolforge.org/author/Q97270	.*/author/Q[0-9]*$	iframe #2	Venue statistics
https://scholia.toolforge.org/organization/Q583725	.*/organization/Q[0-9]*$	iframe #4	Co-author-normalized citations per year
https://scholia.toolforge.org/topic/Q29496	.*/topic/Q[0-9]*$	iframe #0	Publications per year
https://scholia.toolforge.org/topic/Q29496	.*/topic/Q[0-9]*$	iframe #3	Co-occurring topics map
https://scholia.toolforge.org/topic/Q29496	.*/topic/Q[0-9]*$	iframe #5	Map of organizations associated with works about the topic
https://scholia.toolforge.org/topic/Q1492760	.*/topic/Q[0-9]*$	iframe #1	Co-author graph
https://scholia.toolforge.org/author/Q55004959	.*/author/Q[0-9]*$	iframe #4	Topic scores
https://scholia.toolforge.org/topic/Q12156	.*/topic/Q[0-9]*$	iframe #1	Co-author graph
https://scholia.toolforge.org/topic/Q12156	.*/topic/Q[0-9]*$	iframe #4	Author score
https://scholia.toolforge.org/topic/Q180556	.*/topic/Q[0-9]*$	iframe #1	Co-author graph
https://scholia.toolforge.org/topic/Q181600	.*/topic/Q[0-9]*$	iframe #0	Publications per year
https://scholia.toolforge.org/topic/Q181600	.*/topic/Q[0-9]*$	iframe #1	Co-author graph
https://scholia.toolforge.org/topic/Q181600	.*/topic/Q[0-9]*$	iframe #3	Co-occurring topics map
https://scholia.toolforge.org/topic/Q181600	.*/topic/Q[0-9]*$	iframe #4	Author score
https://scholia.toolforge.org/topic/Q181600	.*/topic/Q[0-9]*$	iframe #5	Map of organizations associated with works about the topic
https://scholia.toolforge.org/topic/Q668	.*/topic/Q[0-9]*$	iframe #3	Co-occurring topics map
