https://tools.wmflabs.org/scholia/topic/Q111140	.*/topic/Q[0-9]*$	iframe #0	Publications per year
https://tools.wmflabs.org/scholia/topic/Q111140	.*/topic/Q[0-9]*$	iframe #3	Co-occurring topics map
https://tools.wmflabs.org/scholia/topic/Q111140	.*/topic/Q[0-9]*$	iframe #5	Map of organizations associated with works about the topic
https://tools.wmflabs.org/scholia/author/Q46826387	.*/author/Q[0-9]*$	iframe #7	Academic tree
https://tools.wmflabs.org/scholia/chemical/Q2270	.*/chemical/Q[0-9]*$	iframe #0	Publications per year
https://tools.wmflabs.org/scholia/topic/Q52	.*/topic/Q[0-9]*$	iframe #2	Co-occurring topics graph
https://tools.wmflabs.org/scholia/topic/Q12174	.*/topic/Q[0-9]*$	iframe #1	Co-author graph
https://tools.wmflabs.org/scholia/topic/Q12174	.*/topic/Q[0-9]*$	iframe #3	Co-occurring topics map
https://tools.wmflabs.org/scholia/topic/Q12174	.*/topic/Q[0-9]*$	iframe #4	Author score
https://tools.wmflabs.org/scholia/disease/Q12156	.*/disease/Q[0-9]*$	iframe #0	Publications per year
https://tools.wmflabs.org/scholia/topic/Q41112	.*/topic/Q[0-9]*$	iframe #4	Author score
https://tools.wmflabs.org/scholia/award/Q35637	.*/award/Q[0-9]*$	iframe #1	Topics of works by recipients
https://tools.wmflabs.org/scholia/country/Q668/topic/Q10737	.*/topic/Q[0-9]*$	iframe #0	Co-author graph
https://tools.wmflabs.org/scholia/country/Q668/topic/Q10737	.*/topic/Q[0-9]*$	iframe #1	Co-citation graph
https://tools.wmflabs.org/scholia/organization/Q583725	.*/organization/Q[0-9]*$	iframe #3	Most cited papers with affiliated first author
https://tools.wmflabs.org/scholia/project/Q27990087	.*/project/Q[0-9]*$	iframe #2	Topic scores
https://tools.wmflabs.org/scholia/topic/Q29496	.*/topic/Q[0-9]*$	iframe #3	Co-occurring topics map
https://tools.wmflabs.org/scholia/topic/Q1492760	.*/topic/Q[0-9]*$	iframe #3	Co-occurring topics map
https://tools.wmflabs.org/scholia/author/Q55004959	.*/author/Q[0-9]*$	iframe #3	Co-author graph
https://tools.wmflabs.org/scholia/author/Q55004959	.*/author/Q[0-9]*$	iframe #6	Timeline
https://tools.wmflabs.org/scholia/topic/Q12156	.*/topic/Q[0-9]*$	iframe #2	Co-occurring topics graph
https://tools.wmflabs.org/scholia/topic/Q12156	.*/topic/Q[0-9]*$	iframe #3	Co-occurring topics map
https://tools.wmflabs.org/scholia/topic/Q12156	.*/topic/Q[0-9]*$	iframe #4	Author score
https://tools.wmflabs.org/scholia/topic/Q180556	.*/topic/Q[0-9]*$	iframe #3	Co-occurring topics map
https://tools.wmflabs.org/scholia/topic/Q180556	.*/topic/Q[0-9]*$	iframe #4	Author score
https://tools.wmflabs.org/scholia/topic/Q181600	.*/topic/Q[0-9]*$	iframe #2	Co-occurring topics graph
https://tools.wmflabs.org/scholia/topic/Q181600	.*/topic/Q[0-9]*$	iframe #5	Map of organizations associated with works about the topic
https://tools.wmflabs.org/scholia/topic/Q668	.*/topic/Q[0-9]*$	iframe #5	Map of organizations associated with works about the topic
