https://scholia.toolforge.org/topic/Q668	.*/topic/Q[0-9]*$	authors	
https://scholia.toolforge.org/country/Q668/topic/Q10737	.*/topic/Q[0-9]*$	authors	
https://scholia.toolforge.org/gene/Q18030793	.*/gene/Q[0-9]*$	transcripts	
https://scholia.toolforge.org/gene/Q18030793	.*/gene/Q[0-9]*$	proteins	
https://scholia.toolforge.org/gene/Q18030793	.*/gene/Q[0-9]*$	variants	
https://scholia.toolforge.org/gene/Q18030793	.*/gene/Q[0-9]*$	orthologs	
https://scholia.toolforge.org/catalogue/Q42661788	.*/catalogue/Q[0-9]*$	items-in-catalogue	
https://scholia.toolforge.org/topic/Q64	.*/topic/Q[0-9]*$	most-cited-authors	
https://scholia.toolforge.org/topic/Q64	.*/topic/Q[0-9]*$	recently-published-works	
https://scholia.toolforge.org/topic/Q64	.*/topic/Q[0-9]*$	topCited	
https://scholia.toolforge.org/topic/Q64	.*/topic/Q[0-9]*$	topics	
https://scholia.toolforge.org/topic/Q64	.*/topic/Q[0-9]*$	venues	
https://scholia.toolforge.org/topic/Q64	.*/topic/Q[0-9]*$	authors	
https://scholia.toolforge.org/topic/Q64	.*/topic/Q[0-9]*$	author-score	
https://scholia.toolforge.org/location/Q668	.*/location/Q[0-9]*$	nearby-organizations	
https://scholia.toolforge.org/topic/Q12174	.*/topic/Q[0-9]*$	topics	
https://scholia.toolforge.org/topic/Q12174	.*/topic/Q[0-9]*$	venues	
https://scholia.toolforge.org/organization/Q131626	.*/organization/Q[0-9]*$	awards	
https://scholia.toolforge.org/organization/Q131626	.*/organization/Q[0-9]*$	gender-distribution	
https://scholia.toolforge.org/organization/Q131626	.*/organization/Q[0-9]*$	recent-publications	
https://scholia.toolforge.org/location/Q5465	.*/location/Q[0-9]*$	nearby-organizations	
https://scholia.toolforge.org/venue/Q4775205	.*/venue/Q[0-9]*$	cited-venues	
https://scholia.toolforge.org/venue/Q4775205	.*/venue/Q[0-9]*$	most-cited-authors	
https://scholia.toolforge.org/venue/Q4775205	.*/venue/Q[0-9]*$	author-awards	
https://scholia.toolforge.org/venue/Q4775205	.*/venue/Q[0-9]*$	recently-published-works	
https://scholia.toolforge.org/venue/Q4775205	.*/venue/Q[0-9]*$	prolific-authors	
https://scholia.toolforge.org/venue/Q4775205	.*/venue/Q[0-9]*$	most-cited-works	
https://scholia.toolforge.org/venue/Q4775205	.*/venue/Q[0-9]*$	topics	
https://scholia.toolforge.org/venue/Q4775205	.*/venue/Q[0-9]*$	authorships-gender-distribution	
https://scholia.toolforge.org/venue/Q4775205	.*/venue/Q[0-9]*$	gender-distribution	
https://scholia.toolforge.org/venue/Q4775205	.*/venue/Q[0-9]*$	citing-venues	
https://scholia.toolforge.org/location/Q583725	.*/location/Q[0-9]*$	nearby-organizations	
https://scholia.toolforge.org/topic/Q29496	.*/topic/Q[0-9]*$	topics	
https://scholia.toolforge.org/topic/Q29496	.*/topic/Q[0-9]*$	venues	
https://scholia.toolforge.org/pathway/Q30225516	.*/pathway/Q[0-9]*$	recentArticles	
https://scholia.toolforge.org/pathway/Q30225516	.*/pathway/Q[0-9]*$	participants	
https://scholia.toolforge.org/topic/Q30	.*/topic/Q[0-9]*$	most-cited-authors	
https://scholia.toolforge.org/topic/Q30	.*/topic/Q[0-9]*$	venues	
https://scholia.toolforge.org/topic/Q30	.*/topic/Q[0-9]*$	author-score	
https://scholia.toolforge.org/taxon/Q15978631	.*/taxon/Q[0-9]*$	genome	
https://scholia.toolforge.org/taxon/Q15978631	.*/taxon/Q[0-9]*$	metabolome	
https://scholia.toolforge.org/taxon/Q15978631	.*/taxon/Q[0-9]*$	parents	
https://scholia.toolforge.org/topic/Q111140	.*/topic/Q[0-9]*$	topics	
https://scholia.toolforge.org/topic/Q111140	.*/topic/Q[0-9]*$	venues	
https://scholia.toolforge.org/taxon/Q82069695	.*/taxon/Q[0-9]*$	genome	
https://scholia.toolforge.org/taxon/Q82069695	.*/taxon/Q[0-9]*$	metabolome	
https://scholia.toolforge.org/taxon/Q82069695	.*/taxon/Q[0-9]*$	parents	
https://scholia.toolforge.org/sponsor/Q4314967	.*/sponsor/Q[0-9]*$	co-sponsors	
https://scholia.toolforge.org/sponsor/Q4314967	.*/sponsor/Q[0-9]*$	recently-published-sponsored-work	
https://scholia.toolforge.org/sponsor/Q4314967	.*/sponsor/Q[0-9]*$	authors-on-sponsored-work	
https://scholia.toolforge.org/location/Q30	.*/location/Q[0-9]*$	nearby-organizations	
https://scholia.toolforge.org/author/Q97270	.*/author/Q[0-9]*$	venue-statistics	
https://scholia.toolforge.org/author/Q97270	.*/author/Q[0-9]*$	most-cited-works	
https://scholia.toolforge.org/author/Q97270	.*/author/Q[0-9]*$	topics	
https://scholia.toolforge.org/author/Q97270	.*/author/Q[0-9]*$	citing-authors	
https://scholia.toolforge.org/author/Q97270	.*/author/Q[0-9]*$	events	
https://scholia.toolforge.org/author/Q583725	.*/author/Q[0-9]*$	venue-statistics	
https://scholia.toolforge.org/author/Q583725	.*/author/Q[0-9]*$	most-cited-works	
https://scholia.toolforge.org/author/Q583725	.*/author/Q[0-9]*$	topics	
https://scholia.toolforge.org/author/Q583725	.*/author/Q[0-9]*$	citing-authors	
https://scholia.toolforge.org/author/Q583725	.*/author/Q[0-9]*$	events	
https://scholia.toolforge.org/topic/Q41112	.*/topic/Q[0-9]*$	topics	
https://scholia.toolforge.org/clinical-trial/	.*/clinical-trial/	interventions	
https://scholia.toolforge.org/clinical-trial/	.*/clinical-trial/	recent-clinical-trials	
https://scholia.toolforge.org/clinical-trial/	.*/clinical-trial/	medical-conditions	
https://scholia.toolforge.org/clinical-trial/	.*/clinical-trial/	statistics	
https://scholia.toolforge.org/author/Q55004959	.*/author/Q[0-9]*$	venue-statistics	
https://scholia.toolforge.org/author/Q55004959	.*/author/Q[0-9]*$	most-cited-works	
https://scholia.toolforge.org/author/Q55004959	.*/author/Q[0-9]*$	topics	
https://scholia.toolforge.org/author/Q55004959	.*/author/Q[0-9]*$	events	
https://scholia.toolforge.org/organization/Q583725	.*/organization/Q[0-9]*$	awards	
https://scholia.toolforge.org/organization/Q583725	.*/organization/Q[0-9]*$	gender-distribution	
https://scholia.toolforge.org/organization/Q583725	.*/organization/Q[0-9]*$	recent-publications	
https://scholia.toolforge.org/series/Q924044	.*/series/Q[0-9]*$	in-series	
https://scholia.toolforge.org/series/Q924044	.*/series/Q[0-9]*$	published-works	
https://scholia.toolforge.org/series/Q924044	.*/series/Q[0-9]*$	authors	
https://scholia.toolforge.org/publisher/Q583725	.*/publisher/Q[0-9]*$	mostCited	
https://scholia.toolforge.org/publisher/Q583725	.*/publisher/Q[0-9]*$	journals	
https://scholia.toolforge.org/award/Q35637	.*/award/Q[0-9]*$	co-awards	
https://scholia.toolforge.org/award/Q35637	.*/award/Q[0-9]*$	gender-distribution	
https://scholia.toolforge.org/award/Q35637	.*/award/Q[0-9]*$	recent-publications-by-recipients	
https://scholia.toolforge.org/award/Q35637	.*/award/Q[0-9]*$	list-of-recipients	
https://scholia.toolforge.org/disease/Q12156	.*/disease/Q[0-9]*$	related-diseases	
https://scholia.toolforge.org/disease/Q12156	.*/disease/Q[0-9]*$	clinical-trials	
https://scholia.toolforge.org/event-series/	.*/event-series/	event-series	
https://scholia.toolforge.org/topic/Q82069695	.*/topic/Q[0-9]*$	recently-published-works	
https://scholia.toolforge.org/topic/Q82069695	.*/topic/Q[0-9]*$	topCited	
https://scholia.toolforge.org/topic/Q82069695	.*/topic/Q[0-9]*$	topics	
https://scholia.toolforge.org/topic/Q82069695	.*/topic/Q[0-9]*$	venues	
https://scholia.toolforge.org/topic/Q82069695	.*/topic/Q[0-9]*$	authors	
https://scholia.toolforge.org/topic/Q82069695	.*/topic/Q[0-9]*$	author-score	
https://scholia.toolforge.org/project/Q27990087	.*/project/Q[0-9]*$	prolific-authors	
https://scholia.toolforge.org/project/Q27990087	.*/project/Q[0-9]*$	recentArticles	
https://scholia.toolforge.org/disease/Q41112	.*/disease/Q[0-9]*$	related-diseases	
https://scholia.toolforge.org/disease/Q41112	.*/disease/Q[0-9]*$	clinical-trials	
https://scholia.toolforge.org/topic/Q12156	.*/topic/Q[0-9]*$	venues	
https://scholia.toolforge.org/topic/Q12156	.*/topic/Q[0-9]*$	author-score	
https://scholia.toolforge.org/author/Q46826387	.*/author/Q[0-9]*$	venue-statistics	
https://scholia.toolforge.org/author/Q46826387	.*/author/Q[0-9]*$	most-cited-works	
https://scholia.toolforge.org/author/Q46826387	.*/author/Q[0-9]*$	topics	
https://scholia.toolforge.org/author/Q46826387	.*/author/Q[0-9]*$	events	
https://scholia.toolforge.org/topic/Q583725	.*/topic/Q[0-9]*$	most-cited-authors	
https://scholia.toolforge.org/topic/Q583725	.*/topic/Q[0-9]*$	recently-published-works	
https://scholia.toolforge.org/topic/Q583725	.*/topic/Q[0-9]*$	topCited	
https://scholia.toolforge.org/topic/Q583725	.*/topic/Q[0-9]*$	topics	
https://scholia.toolforge.org/topic/Q583725	.*/topic/Q[0-9]*$	venues	
https://scholia.toolforge.org/topic/Q583725	.*/topic/Q[0-9]*$	authors	
https://scholia.toolforge.org/topic/Q583725	.*/topic/Q[0-9]*$	author-score	
https://scholia.toolforge.org/sponsor/Q583725	.*/sponsor/Q[0-9]*$	co-sponsors	
https://scholia.toolforge.org/sponsor/Q583725	.*/sponsor/Q[0-9]*$	recently-published-sponsored-work	
https://scholia.toolforge.org/sponsor/Q583725	.*/sponsor/Q[0-9]*$	authors-on-sponsored-work	
https://scholia.toolforge.org/chemical/Q2270	.*/chemical/Q[0-9]*$	related	
https://scholia.toolforge.org/chemical/Q2270	.*/chemical/Q[0-9]*$	identifiers	
https://scholia.toolforge.org/chemical/Q2270	.*/chemical/Q[0-9]*$	recentArticles	
https://scholia.toolforge.org/chemical/Q2270	.*/chemical/Q[0-9]*$	structures	
https://scholia.toolforge.org/chemical/Q2270	.*/chemical/Q[0-9]*$	properties	
https://scholia.toolforge.org/topic/Q84263196	.*/topic/Q[0-9]*$	most-cited-authors	
https://scholia.toolforge.org/topic/Q84263196	.*/topic/Q[0-9]*$	topCited	
https://scholia.toolforge.org/topic/Q84263196	.*/topic/Q[0-9]*$	topics	
https://scholia.toolforge.org/topic/Q84263196	.*/topic/Q[0-9]*$	authors	
https://scholia.toolforge.org/topic/Q84263196	.*/topic/Q[0-9]*$	author-score	
https://scholia.toolforge.org/disease/Q84263196	.*/disease/Q[0-9]*$	related-diseases	
https://scholia.toolforge.org/disease/Q84263196	.*/disease/Q[0-9]*$	clinical-trials	
https://scholia.toolforge.org/topic/Q1492760	.*/topic/Q[0-9]*$	topics	
https://scholia.toolforge.org/topic/Q1492760	.*/topic/Q[0-9]*$	venues	
https://scholia.toolforge.org/topic/Q1492760	.*/topic/Q[0-9]*$	authors	
https://scholia.toolforge.org/topic/Q81068910	.*/topic/Q[0-9]*$	most-cited-authors	
https://scholia.toolforge.org/topic/Q81068910	.*/topic/Q[0-9]*$	topics	
https://scholia.toolforge.org/topic/Q81068910	.*/topic/Q[0-9]*$	venues	
https://scholia.toolforge.org/topic/Q81068910	.*/topic/Q[0-9]*$	authors	
https://scholia.toolforge.org/topic/Q81068910	.*/topic/Q[0-9]*$	author-score	
https://scholia.toolforge.org/chemical-element/Q623	.*/chemical-element/Q[0-9]*$	isotopes	
https://scholia.toolforge.org/topic/Q532	.*/topic/Q[0-9]*$	author-score	
https://scholia.toolforge.org/author/Q29253985	.*/author/Q[0-9]*$	venue-statistics	
https://scholia.toolforge.org/author/Q29253985	.*/author/Q[0-9]*$	most-cited-works	
https://scholia.toolforge.org/author/Q29253985	.*/author/Q[0-9]*$	topics	
https://scholia.toolforge.org/author/Q29253985	.*/author/Q[0-9]*$	events	
https://scholia.toolforge.org/topic/Q15	.*/topic/Q[0-9]*$	author-score	
https://scholia.toolforge.org/topic/Q52	.*/topic/Q[0-9]*$	recently-published-works	
https://scholia.toolforge.org/topic/Q52	.*/topic/Q[0-9]*$	topCited	
https://scholia.toolforge.org/topic/Q52	.*/topic/Q[0-9]*$	topics	
https://scholia.toolforge.org/topic/Q52	.*/topic/Q[0-9]*$	venues	
https://scholia.toolforge.org/topic/Q52	.*/topic/Q[0-9]*$	authors	
https://scholia.toolforge.org/topic/Q52	.*/topic/Q[0-9]*$	author-score	
https://scholia.toolforge.org/publisher/Q127992	.*/publisher/Q[0-9]*$	mostCited	
https://scholia.toolforge.org/publisher/Q127992	.*/publisher/Q[0-9]*$	journals	
https://scholia.toolforge.org/event/	.*/event/	future-events	
https://scholia.toolforge.org/event/	.*/event/	past-events	
https://scholia.toolforge.org/event/	.*/event/	coming-deadlines	
https://scholia.toolforge.org/topic/Q181600	.*/topic/Q[0-9]*$	topics	
https://scholia.toolforge.org/topic/Q181600	.*/topic/Q[0-9]*$	venues	
https://scholia.toolforge.org/work/Q21090025	.*/work/Q[0-9]*$	related-works	
https://scholia.toolforge.org/work/Q21090025	.*/work/Q[0-9]*$	cited-works	
https://scholia.toolforge.org/work/Q21090025	.*/work/Q[0-9]*$	statements	
https://scholia.toolforge.org/work/Q21090025	.*/work/Q[0-9]*$	list-of-authors	
https://scholia.toolforge.org/work/Q21090025	.*/work/Q[0-9]*$	citations-to-the-work	
https://scholia.toolforge.org/topic/Q180556	.*/topic/Q[0-9]*$	most-cited-authors	
https://scholia.toolforge.org/topic/Q180556	.*/topic/Q[0-9]*$	topics	
https://scholia.toolforge.org/topic/Q180556	.*/topic/Q[0-9]*$	venues	
https://scholia.toolforge.org/topic/Q180556	.*/topic/Q[0-9]*$	authors	
https://scholia.toolforge.org/topic/Q180556	.*/topic/Q[0-9]*$	author-score	
