https://scholia.toolforge.org/country/Q668/topic/Q10737	.*/topic/Q[0-9]*$	iframe #0	Co-author graph
https://scholia.toolforge.org/topic/Q12174	.*/topic/Q[0-9]*$	iframe #2	Co-author graph
https://scholia.toolforge.org/topic/Q12174	.*/topic/Q[0-9]*$	iframe #3	Co-occurring topics graph
https://scholia.toolforge.org/topic/Q29496	.*/topic/Q[0-9]*$	iframe #0	The topic in context
https://scholia.toolforge.org/topic/Q29496	.*/topic/Q[0-9]*$	iframe #1	Publications per year
https://scholia.toolforge.org/topic/Q29496	.*/topic/Q[0-9]*$	iframe #3	Co-occurring topics graph
https://scholia.toolforge.org/topic/Q29496	.*/topic/Q[0-9]*$	iframe #4	Co-occurring topics map
https://scholia.toolforge.org/topic/Q111140	.*/topic/Q[0-9]*$	iframe #1	Publications per year
https://scholia.toolforge.org/topic/Q111140	.*/topic/Q[0-9]*$	iframe #5	Author score
https://scholia.toolforge.org/topic/Q111140	.*/topic/Q[0-9]*$	iframe #6	Map of organizations associated with works about the topic
https://scholia.toolforge.org/country/Q35	.*/country/Q[0-9]*$	iframe #0	Locations as topics
https://scholia.toolforge.org/organization/Q583725	.*/organization/Q[0-9]*$	iframe #0	Co-author graph
https://scholia.toolforge.org/topic/Q12156	.*/topic/Q[0-9]*$	iframe #5	Author score
https://scholia.toolforge.org/author/Q46826387	.*/author/Q[0-9]*$	iframe #5	Associated images
https://scholia.toolforge.org/author/Q46826387	.*/author/Q[0-9]*$	iframe #6	Timeline
https://scholia.toolforge.org/author/Q46826387	.*/author/Q[0-9]*$	iframe #7	Academic tree
https://scholia.toolforge.org/author/Q46826387	.*/author/Q[0-9]*$	iframe #8	Locations
https://scholia.toolforge.org/topic/Q583725	.*/topic/Q[0-9]*$	iframe #0	The topic in context
https://scholia.toolforge.org/topic/Q583725	.*/topic/Q[0-9]*$	iframe #1	Publications per year
https://scholia.toolforge.org/topic/Q1492760	.*/topic/Q[0-9]*$	iframe #6	Map of organizations associated with works about the topic
https://scholia.toolforge.org/organizations/Q1269766,Q193196	_unknown	iframe #0	Works per year
https://scholia.toolforge.org/author/Q29253985	.*/author/Q[0-9]*$	iframe #0	Number of publications per year
https://scholia.toolforge.org/author/Q29253985	.*/author/Q[0-9]*$	iframe #5	Associated images
https://scholia.toolforge.org/author/Q29253985	.*/author/Q[0-9]*$	iframe #6	Timeline
https://scholia.toolforge.org/author/Q29253985	.*/author/Q[0-9]*$	iframe #8	Locations
https://scholia.toolforge.org/author/Q29253985	.*/author/Q[0-9]*$	iframe #9	Citations by year
https://scholia.toolforge.org/topic/Q52	.*/topic/Q[0-9]*$	iframe #2	Co-author graph
https://scholia.toolforge.org/topic/Q181600	.*/topic/Q[0-9]*$	iframe #0	The topic in context
https://scholia.toolforge.org/topic/Q181600	.*/topic/Q[0-9]*$	iframe #4	Co-occurring topics map
https://scholia.toolforge.org/topic/Q180556	.*/topic/Q[0-9]*$	iframe #0	The topic in context
